[04:27:09] [ServerMain/INFO]: [bootstrap] Running Java 21 (OpenJDK 64-Bit Server VM 21.0.6+7-Ubuntu-120.04.1; Ubuntu null) on Linux 6.8.0-1021-azure (amd64)
[04:27:09] [ServerMain/INFO]: [bootstrap] Loading Paper 1.21.3-63-master@4190ee7 (2024-11-25T18:59:19Z) for Minecraft 1.21.3
[04:27:09] [ServerMain/INFO]: [PluginInitializerManager] Initializing plugins...
[04:27:09] [Paper Plugin Remapper Thread - 2/INFO]: [PluginRemapper] Remapping plugin 'plugins/Xhomes-2.1-SNAPSHOT.jar'...
[04:27:09] [Paper Plugin Remapper Thread - 3/INFO]: [PluginRemapper] Remapping plugin 'plugins/AutoTreeChop-1.6.1.jar'...
[04:27:09] [Paper Plugin Remapper Thread - 1/INFO]: [PluginRemapper] Remapping plugin 'plugins/instantrestock_2.5.1.jar'...
[04:27:09] [Paper Plugin Remapper Thread - 0/INFO]: [PluginRemapper] Remapping plugin 'plugins/SetSpawn-3.1.jar'...
[04:27:10] [Paper Plugin Remapper Thread - 2/INFO]: [PluginRemapper] Done remapping plugin 'plugins/Xhomes-2.1-SNAPSHOT.jar' in 655ms.
[04:27:10] [Paper Plugin Remapper Thread - 2/INFO]: [PluginRemapper] Remapping plugin 'plugins/QuickEC-2.1.1.jar'...
[04:27:10] [Paper Plugin Remapper Thread - 0/INFO]: [PluginRemapper] Done remapping plugin 'plugins/SetSpawn-3.1.jar' in 508ms.
[04:27:10] [Paper Plugin Remapper Thread - 0/INFO]: [PluginRemapper] Remapping plugin 'plugins/TabLocation-1.6.0.jar'...
[04:27:10] [Paper Plugin Remapper Thread - 2/INFO]: [PluginRemapper] Done remapping plugin 'plugins/QuickEC-2.1.1.jar' in 161ms.
[04:27:10] [Paper Plugin Remapper Thread - 2/INFO]: [PluginRemapper] Remapping plugin 'plugins/tpa-20250220c.jar'...
[04:27:10] [Paper Plugin Remapper Thread - 2/INFO]: [PluginRemapper] Done remapping plugin 'plugins/tpa-20250220c.jar' in 211ms.
[04:27:11] [Paper Plugin Remapper Thread - 1/INFO]: [PluginRemapper] Done remapping plugin 'plugins/instantrestock_2.5.1.jar' in 1595ms.
[04:27:11] [Paper Plugin Remapper Thread - 3/INFO]: [PluginRemapper] Done remapping plugin 'plugins/AutoTreeChop-1.6.1.jar' in 1760ms.
[04:27:11] [Paper Plugin Remapper Thread - 0/INFO]: [PluginRemapper] Done remapping plugin 'plugins/TabLocation-1.6.0.jar' in 1248ms.
[04:27:12] [ServerMain/INFO]: [MavenLibraryResolver] Downloading https://repo1.maven.org/maven2/com/zaxxer/HikariCP/6.0.0/HikariCP-6.0.0.pom
[04:27:13] [ServerMain/INFO]: [MavenLibraryResolver] Downloading https://repo1.maven.org/maven2/it/unimi/dsi/fastutil-core/8.5.13/fastutil-core-8.5.13.pom
[04:27:13] [ServerMain/INFO]: [MavenLibraryResolver] Downloading https://repo1.maven.org/maven2/com/zaxxer/HikariCP/6.0.0/HikariCP-6.0.0.jar
[04:27:13] [BasicRepositoryConnector-repo1.maven.org-0-0/INFO]: [MavenLibraryResolver] Downloading https://repo1.maven.org/maven2/it/unimi/dsi/fastutil-core/8.5.13/fastutil-core-8.5.13.jar
[04:27:13] [ServerMain/INFO]: [PluginInitializerManager] Initialized 30 plugins
[04:27:13] [ServerMain/INFO]: [PluginInitializerManager] Paper plugins (2):
 - Veinminer (2.4.3), nightcore (2.7.4)
[04:27:13] [ServerMain/INFO]: [PluginInitializerManager] Bukkit plugins (28):
 - AutoTreeChop (1.6.1), BoundlessForging (1.0-SNAPSHOT), Brutal_Nightmare (4.0), Chunky (1.4.36), Clumps (4.0), DeathChest (1.3), DeathCoords (V1.0), DoubleJump (2.5), FokusAPI (2.3), InstantRestock (2.5.1), JustTPA (20250220c), LagFixer (1.4.06 (build 101)), LetUrMemoryRest (4.1), LimitedLives (4.0.0), LoginTo (1.4-release), QuickEC (2.1.1), ReanimateMC (1.0), SetSpawn (3.1), SimpleBucketMobs (1.2.1), SkinsRestorer (15.6.1), TabLocation (1.6.0), UltimateTeams (3.2.1), Wall_Climbing (3.1.1), WorldEdit (7.3.12-beta-01+2a9a7ed), XPHearts (1.1.1), Xhomes (2.1), chairs (1.2.2), tps-hud (1.7.5+1.21.5)
[04:27:16] [ServerMain/INFO]: Environment: Environment[sessionHost=https://sessionserver.mojang.com, servicesHost=https://api.minecraftservices.com, name=PROD]
[04:27:18] [ServerMain/INFO]: Loaded 1337 recipes
[04:27:18] [ServerMain/ERROR]: Failed to load function dbjump:nxf/5i3m
java.util.concurrent.CompletionException: java.lang.IllegalArgumentException: Whilst parsing command on line 2: Can't parse particle options: No key scale in MapLike[{}]; No key color in MapLike[{}]
	at java.base/java.util.concurrent.CompletableFuture.encodeThrowable(CompletableFuture.java:315) ~[?:?]
	at java.base/java.util.concurrent.CompletableFuture.completeThrowable(CompletableFuture.java:320) ~[?:?]
	at java.base/java.util.concurrent.CompletableFuture$AsyncSupply.run(CompletableFuture.java:1770) ~[?:?]
	at java.base/java.util.concurrent.ThreadPoolExecutor.runWorker(ThreadPoolExecutor.java:1144) ~[?:?]
	at java.base/java.util.concurrent.ThreadPoolExecutor$Worker.run(ThreadPoolExecutor.java:642) ~[?:?]
	at java.base/java.lang.Thread.run(Thread.java:1583) ~[?:?]
Caused by: java.lang.IllegalArgumentException: Whilst parsing command on line 2: Can't parse particle options: No key scale in MapLike[{}]; No key color in MapLike[{}]
	at net.minecraft.commands.functions.CommandFunction.fromLines(CommandFunction.java:86) ~[paper-1.21.3.jar:1.21.3-63-4190ee7]
	at net.minecraft.server.ServerFunctionLibrary.lambda$reload$3(ServerFunctionLibrary.java:92) ~[paper-1.21.3.jar:1.21.3-63-4190ee7]
	at java.base/java.util.concurrent.CompletableFuture$AsyncSupply.run(CompletableFuture.java:1768) ~[?:?]
	... 3 more
[04:27:18] [ServerMain/ERROR]: Failed to load function cw:nxf/_ignored_ag6ofx5hq0s
java.util.concurrent.CompletionException: java.lang.IllegalArgumentException: Whilst parsing command on line 2: Unknown or incomplete command, see below for error at position 0: <--[HERE]
	at java.base/java.util.concurrent.CompletableFuture.encodeThrowable(CompletableFuture.java:315) ~[?:?]
	at java.base/java.util.concurrent.CompletableFuture.completeThrowable(CompletableFuture.java:320) ~[?:?]
	at java.base/java.util.concurrent.CompletableFuture$AsyncSupply.run(CompletableFuture.java:1770) ~[?:?]
	at java.base/java.util.concurrent.ThreadPoolExecutor.runWorker(ThreadPoolExecutor.java:1144) ~[?:?]
	at java.base/java.util.concurrent.ThreadPoolExecutor$Worker.run(ThreadPoolExecutor.java:642) ~[?:?]
	at java.base/java.lang.Thread.run(Thread.java:1583) ~[?:?]
Caused by: java.lang.IllegalArgumentException: Whilst parsing command on line 2: Unknown or incomplete command, see below for error at position 0: <--[HERE]
	at net.minecraft.commands.functions.CommandFunction.fromLines(CommandFunction.java:86) ~[paper-1.21.3.jar:1.21.3-63-4190ee7]
	at net.minecraft.server.ServerFunctionLibrary.lambda$reload$3(ServerFunctionLibrary.java:92) ~[paper-1.21.3.jar:1.21.3-63-4190ee7]
	at java.base/java.util.concurrent.CompletableFuture$AsyncSupply.run(CompletableFuture.java:1768) ~[?:?]
	... 3 more
[04:27:18] [ServerMain/ERROR]: Failed to load function cw:nxf/_ignored_0f6w679
java.util.concurrent.CompletionException: java.lang.IllegalArgumentException: Whilst parsing command on line 2: Unknown or incomplete command, see below for error at position 0: <--[HERE]
	at java.base/java.util.concurrent.CompletableFuture.encodeThrowable(CompletableFuture.java:315) ~[?:?]
	at java.base/java.util.concurrent.CompletableFuture.completeThrowable(CompletableFuture.java:320) ~[?:?]
	at java.base/java.util.concurrent.CompletableFuture$AsyncSupply.run(CompletableFuture.java:1770) ~[?:?]
	at java.base/java.util.concurrent.ThreadPoolExecutor.runWorker(ThreadPoolExecutor.java:1144) ~[?:?]
	at java.base/java.util.concurrent.ThreadPoolExecutor$Worker.run(ThreadPoolExecutor.java:642) ~[?:?]
	at java.base/java.lang.Thread.run(Thread.java:1583) ~[?:?]
Caused by: java.lang.IllegalArgumentException: Whilst parsing command on line 2: Unknown or incomplete command, see below for error at position 0: <--[HERE]
	at net.minecraft.commands.functions.CommandFunction.fromLines(CommandFunction.java:86) ~[paper-1.21.3.jar:1.21.3-63-4190ee7]
	at net.minecraft.server.ServerFunctionLibrary.lambda$reload$3(ServerFunctionLibrary.java:92) ~[paper-1.21.3.jar:1.21.3-63-4190ee7]
	at java.base/java.util.concurrent.CompletableFuture$AsyncSupply.run(CompletableFuture.java:1768) ~[?:?]
	... 3 more
[04:27:18] [ServerMain/ERROR]: Failed to load function cw:nxf/_ignored_hlmb5q
java.util.concurrent.CompletionException: java.lang.IllegalArgumentException: Whilst parsing command on line 2: Unknown or incomplete command, see below for error at position 0: <--[HERE]
	at java.base/java.util.concurrent.CompletableFuture.encodeThrowable(CompletableFuture.java:315) ~[?:?]
	at java.base/java.util.concurrent.CompletableFuture.completeThrowable(CompletableFuture.java:320) ~[?:?]
	at java.base/java.util.concurrent.CompletableFuture$AsyncSupply.run(CompletableFuture.java:1770) ~[?:?]
	at java.base/java.util.concurrent.ThreadPoolExecutor.runWorker(ThreadPoolExecutor.java:1144) ~[?:?]
	at java.base/java.util.concurrent.ThreadPoolExecutor$Worker.run(ThreadPoolExecutor.java:642) ~[?:?]
	at java.base/java.lang.Thread.run(Thread.java:1583) ~[?:?]
Caused by: java.lang.IllegalArgumentException: Whilst parsing command on line 2: Unknown or incomplete command, see below for error at position 0: <--[HERE]
	at net.minecraft.commands.functions.CommandFunction.fromLines(CommandFunction.java:86) ~[paper-1.21.3.jar:1.21.3-63-4190ee7]
	at net.minecraft.server.ServerFunctionLibrary.lambda$reload$3(ServerFunctionLibrary.java:92) ~[paper-1.21.3.jar:1.21.3-63-4190ee7]
	at java.base/java.util.concurrent.CompletableFuture$AsyncSupply.run(CompletableFuture.java:1768) ~[?:?]
	... 3 more
[04:27:18] [ServerMain/ERROR]: Failed to load function cw:nxf/_ignored_9kn2crw
java.util.concurrent.CompletionException: java.lang.IllegalArgumentException: Whilst parsing command on line 2: Unknown or incomplete command, see below for error at position 0: <--[HERE]
	at java.base/java.util.concurrent.CompletableFuture.encodeThrowable(CompletableFuture.java:315) ~[?:?]
	at java.base/java.util.concurrent.CompletableFuture.completeThrowable(CompletableFuture.java:320) ~[?:?]
	at java.base/java.util.concurrent.CompletableFuture$AsyncSupply.run(CompletableFuture.java:1770) ~[?:?]
	at java.base/java.util.concurrent.ThreadPoolExecutor.runWorker(ThreadPoolExecutor.java:1144) ~[?:?]
	at java.base/java.util.concurrent.ThreadPoolExecutor$Worker.run(ThreadPoolExecutor.java:642) ~[?:?]
	at java.base/java.lang.Thread.run(Thread.java:1583) ~[?:?]
Caused by: java.lang.IllegalArgumentException: Whilst parsing command on line 2: Unknown or incomplete command, see below for error at position 0: <--[HERE]
	at net.minecraft.commands.functions.CommandFunction.fromLines(CommandFunction.java:86) ~[paper-1.21.3.jar:1.21.3-63-4190ee7]
	at net.minecraft.server.ServerFunctionLibrary.lambda$reload$3(ServerFunctionLibrary.java:92) ~[paper-1.21.3.jar:1.21.3-63-4190ee7]
	at java.base/java.util.concurrent.CompletableFuture$AsyncSupply.run(CompletableFuture.java:1768) ~[?:?]
	... 3 more
[04:27:18] [ServerMain/ERROR]: Failed to load function cw:nxf/18jqw60riq3
java.util.concurrent.CompletionException: java.lang.IllegalArgumentException: Whilst parsing command on line 5: Can't find element 'minecraft:boat' of type 'minecraft:entity_type' at position 57: ...craft:boat<--[HERE]
	at java.base/java.util.concurrent.CompletableFuture.encodeThrowable(CompletableFuture.java:315) ~[?:?]
	at java.base/java.util.concurrent.CompletableFuture.completeThrowable(CompletableFuture.java:320) ~[?:?]
	at java.base/java.util.concurrent.CompletableFuture$AsyncSupply.run(CompletableFuture.java:1770) ~[?:?]
	at java.base/java.util.concurrent.ThreadPoolExecutor.runWorker(ThreadPoolExecutor.java:1144) ~[?:?]
	at java.base/java.util.concurrent.ThreadPoolExecutor$Worker.run(ThreadPoolExecutor.java:642) ~[?:?]
	at java.base/java.lang.Thread.run(Thread.java:1583) ~[?:?]
Caused by: java.lang.IllegalArgumentException: Whilst parsing command on line 5: Can't find element 'minecraft:boat' of type 'minecraft:entity_type' at position 57: ...craft:boat<--[HERE]
	at net.minecraft.commands.functions.CommandFunction.fromLines(CommandFunction.java:86) ~[paper-1.21.3.jar:1.21.3-63-4190ee7]
	at net.minecraft.server.ServerFunctionLibrary.lambda$reload$3(ServerFunctionLibrary.java:92) ~[paper-1.21.3.jar:1.21.3-63-4190ee7]
	at java.base/java.util.concurrent.CompletableFuture$AsyncSupply.run(CompletableFuture.java:1768) ~[?:?]
	... 3 more
[04:27:18] [ServerMain/ERROR]: Failed to load function cw:nxf/_ignored_gkb02quko5q
java.util.concurrent.CompletionException: java.lang.IllegalArgumentException: Whilst parsing command on line 2: Can't find element 'minecraft:generic.follow_range' of type 'minecraft:attribute' at position 43: ...llow_range<--[HERE]
	at java.base/java.util.concurrent.CompletableFuture.encodeThrowable(CompletableFuture.java:315) ~[?:?]
	at java.base/java.util.concurrent.CompletableFuture.completeThrowable(CompletableFuture.java:320) ~[?:?]
	at java.base/java.util.concurrent.CompletableFuture$AsyncSupply.run(CompletableFuture.java:1770) ~[?:?]
	at java.base/java.util.concurrent.ThreadPoolExecutor.runWorker(ThreadPoolExecutor.java:1144) ~[?:?]
	at java.base/java.util.concurrent.ThreadPoolExecutor$Worker.run(ThreadPoolExecutor.java:642) ~[?:?]
	at java.base/java.lang.Thread.run(Thread.java:1583) ~[?:?]
Caused by: java.lang.IllegalArgumentException: Whilst parsing command on line 2: Can't find element 'minecraft:generic.follow_range' of type 'minecraft:attribute' at position 43: ...llow_range<--[HERE]
	at net.minecraft.commands.functions.CommandFunction.fromLines(CommandFunction.java:86) ~[paper-1.21.3.jar:1.21.3-63-4190ee7]
	at net.minecraft.server.ServerFunctionLibrary.lambda$reload$3(ServerFunctionLibrary.java:92) ~[paper-1.21.3.jar:1.21.3-63-4190ee7]
	at java.base/java.util.concurrent.CompletableFuture$AsyncSupply.run(CompletableFuture.java:1768) ~[?:?]
	... 3 more
[04:27:18] [ServerMain/ERROR]: Failed to load function cw:watermob/move
java.util.concurrent.CompletionException: java.lang.IllegalArgumentException: Whilst parsing command on line 3: Invalid or unknown entity type 'minecraft:boat' at position 31: ...s @e[type=<--[HERE]
	at java.base/java.util.concurrent.CompletableFuture.encodeThrowable(CompletableFuture.java:315) ~[?:?]
	at java.base/java.util.concurrent.CompletableFuture.completeThrowable(CompletableFuture.java:320) ~[?:?]
	at java.base/java.util.concurrent.CompletableFuture$AsyncSupply.run(CompletableFuture.java:1770) ~[?:?]
	at java.base/java.util.concurrent.ThreadPoolExecutor.runWorker(ThreadPoolExecutor.java:1144) ~[?:?]
	at java.base/java.util.concurrent.ThreadPoolExecutor$Worker.run(ThreadPoolExecutor.java:642) ~[?:?]
	at java.base/java.lang.Thread.run(Thread.java:1583) ~[?:?]
Caused by: java.lang.IllegalArgumentException: Whilst parsing command on line 3: Invalid or unknown entity type 'minecraft:boat' at position 31: ...s @e[type=<--[HERE]
	at net.minecraft.commands.functions.CommandFunction.fromLines(CommandFunction.java:86) ~[paper-1.21.3.jar:1.21.3-63-4190ee7]
	at net.minecraft.server.ServerFunctionLibrary.lambda$reload$3(ServerFunctionLibrary.java:92) ~[paper-1.21.3.jar:1.21.3-63-4190ee7]
	at java.base/java.util.concurrent.CompletableFuture$AsyncSupply.run(CompletableFuture.java:1768) ~[?:?]
	... 3 more
[04:27:18] [ServerMain/ERROR]: Failed to load function cw:nxf/_ignored_1p9ii68t6x
java.util.concurrent.CompletionException: java.lang.IllegalArgumentException: Whilst parsing command on line 2: Unknown or incomplete command, see below for error at position 0: <--[HERE]
	at java.base/java.util.concurrent.CompletableFuture.encodeThrowable(CompletableFuture.java:315) ~[?:?]
	at java.base/java.util.concurrent.CompletableFuture.completeThrowable(CompletableFuture.java:320) ~[?:?]
	at java.base/java.util.concurrent.CompletableFuture$AsyncSupply.run(CompletableFuture.java:1770) ~[?:?]
	at java.base/java.util.concurrent.ThreadPoolExecutor.runWorker(ThreadPoolExecutor.java:1144) ~[?:?]
	at java.base/java.util.concurrent.ThreadPoolExecutor$Worker.run(ThreadPoolExecutor.java:642) ~[?:?]
	at java.base/java.lang.Thread.run(Thread.java:1583) ~[?:?]
Caused by: java.lang.IllegalArgumentException: Whilst parsing command on line 2: Unknown or incomplete command, see below for error at position 0: <--[HERE]
	at net.minecraft.commands.functions.CommandFunction.fromLines(CommandFunction.java:86) ~[paper-1.21.3.jar:1.21.3-63-4190ee7]
	at net.minecraft.server.ServerFunctionLibrary.lambda$reload$3(ServerFunctionLibrary.java:92) ~[paper-1.21.3.jar:1.21.3-63-4190ee7]
	at java.base/java.util.concurrent.CompletableFuture$AsyncSupply.run(CompletableFuture.java:1768) ~[?:?]
	... 3 more
[04:27:18] [ServerMain/ERROR]: Failed to load function cw:nxf/_ignored_kcc08k2
java.util.concurrent.CompletionException: java.lang.IllegalArgumentException: Whilst parsing command on line 2: Unknown or incomplete command, see below for error at position 0: <--[HERE]
	at java.base/java.util.concurrent.CompletableFuture.encodeThrowable(CompletableFuture.java:315) ~[?:?]
	at java.base/java.util.concurrent.CompletableFuture.completeThrowable(CompletableFuture.java:320) ~[?:?]
	at java.base/java.util.concurrent.CompletableFuture$AsyncSupply.run(CompletableFuture.java:1770) ~[?:?]
	at java.base/java.util.concurrent.ThreadPoolExecutor.runWorker(ThreadPoolExecutor.java:1144) ~[?:?]
	at java.base/java.util.concurrent.ThreadPoolExecutor$Worker.run(ThreadPoolExecutor.java:642) ~[?:?]
	at java.base/java.lang.Thread.run(Thread.java:1583) ~[?:?]
Caused by: java.lang.IllegalArgumentException: Whilst parsing command on line 2: Unknown or incomplete command, see below for error at position 0: <--[HERE]
	at net.minecraft.commands.functions.CommandFunction.fromLines(CommandFunction.java:86) ~[paper-1.21.3.jar:1.21.3-63-4190ee7]
	at net.minecraft.server.ServerFunctionLibrary.lambda$reload$3(ServerFunctionLibrary.java:92) ~[paper-1.21.3.jar:1.21.3-63-4190ee7]
	at java.base/java.util.concurrent.CompletableFuture$AsyncSupply.run(CompletableFuture.java:1768) ~[?:?]
	... 3 more
[04:27:18] [ServerMain/ERROR]: Failed to load function cw:nxf/_ignored_cammsstog
java.util.concurrent.CompletionException: java.lang.IllegalArgumentException: Whilst parsing command on line 2: Unknown or incomplete command, see below for error at position 0: <--[HERE]
	at java.base/java.util.concurrent.CompletableFuture.encodeThrowable(CompletableFuture.java:315) ~[?:?]
	at java.base/java.util.concurrent.CompletableFuture.completeThrowable(CompletableFuture.java:320) ~[?:?]
	at java.base/java.util.concurrent.CompletableFuture$AsyncSupply.run(CompletableFuture.java:1770) ~[?:?]
	at java.base/java.util.concurrent.ThreadPoolExecutor.runWorker(ThreadPoolExecutor.java:1144) ~[?:?]
	at java.base/java.util.concurrent.ThreadPoolExecutor$Worker.run(ThreadPoolExecutor.java:642) ~[?:?]
	at java.base/java.lang.Thread.run(Thread.java:1583) ~[?:?]
Caused by: java.lang.IllegalArgumentException: Whilst parsing command on line 2: Unknown or incomplete command, see below for error at position 0: <--[HERE]
	at net.minecraft.commands.functions.CommandFunction.fromLines(CommandFunction.java:86) ~[paper-1.21.3.jar:1.21.3-63-4190ee7]
	at net.minecraft.server.ServerFunctionLibrary.lambda$reload$3(ServerFunctionLibrary.java:92) ~[paper-1.21.3.jar:1.21.3-63-4190ee7]
	at java.base/java.util.concurrent.CompletableFuture$AsyncSupply.run(CompletableFuture.java:1768) ~[?:?]
	... 3 more
[04:27:18] [ServerMain/ERROR]: Failed to load function cw:nxf/_ignored_ko7tsx3
java.util.concurrent.CompletionException: java.lang.IllegalArgumentException: Whilst parsing command on line 2: Unknown or incomplete command, see below for error at position 0: <--[HERE]
	at java.base/java.util.concurrent.CompletableFuture.encodeThrowable(CompletableFuture.java:315) ~[?:?]
	at java.base/java.util.concurrent.CompletableFuture.completeThrowable(CompletableFuture.java:320) ~[?:?]
	at java.base/java.util.concurrent.CompletableFuture$AsyncSupply.run(CompletableFuture.java:1770) ~[?:?]
	at java.base/java.util.concurrent.ThreadPoolExecutor.runWorker(ThreadPoolExecutor.java:1144) ~[?:?]
	at java.base/java.util.concurrent.ThreadPoolExecutor$Worker.run(ThreadPoolExecutor.java:642) ~[?:?]
	at java.base/java.lang.Thread.run(Thread.java:1583) ~[?:?]
Caused by: java.lang.IllegalArgumentException: Whilst parsing command on line 2: Unknown or incomplete command, see below for error at position 0: <--[HERE]
	at net.minecraft.commands.functions.CommandFunction.fromLines(CommandFunction.java:86) ~[paper-1.21.3.jar:1.21.3-63-4190ee7]
	at net.minecraft.server.ServerFunctionLibrary.lambda$reload$3(ServerFunctionLibrary.java:92) ~[paper-1.21.3.jar:1.21.3-63-4190ee7]
	at java.base/java.util.concurrent.CompletableFuture$AsyncSupply.run(CompletableFuture.java:1768) ~[?:?]
	... 3 more
[04:27:18] [ServerMain/ERROR]: Failed to load function cw:nxf/_ignored_x3sooj
java.util.concurrent.CompletionException: java.lang.IllegalArgumentException: Whilst parsing command on line 2: Can't find element 'minecraft:generic.movement_speed' of type 'minecraft:attribute' at position 35: ...ment_speed<--[HERE]
	at java.base/java.util.concurrent.CompletableFuture.encodeThrowable(CompletableFuture.java:315) ~[?:?]
	at java.base/java.util.concurrent.CompletableFuture.completeThrowable(CompletableFuture.java:320) ~[?:?]
	at java.base/java.util.concurrent.CompletableFuture$AsyncSupply.run(CompletableFuture.java:1770) ~[?:?]
	at java.base/java.util.concurrent.ThreadPoolExecutor.runWorker(ThreadPoolExecutor.java:1144) ~[?:?]
	at java.base/java.util.concurrent.ThreadPoolExecutor$Worker.run(ThreadPoolExecutor.java:642) ~[?:?]
	at java.base/java.lang.Thread.run(Thread.java:1583) ~[?:?]
Caused by: java.lang.IllegalArgumentException: Whilst parsing command on line 2: Can't find element 'minecraft:generic.movement_speed' of type 'minecraft:attribute' at position 35: ...ment_speed<--[HERE]
	at net.minecraft.commands.functions.CommandFunction.fromLines(CommandFunction.java:86) ~[paper-1.21.3.jar:1.21.3-63-4190ee7]
	at net.minecraft.server.ServerFunctionLibrary.lambda$reload$3(ServerFunctionLibrary.java:92) ~[paper-1.21.3.jar:1.21.3-63-4190ee7]
	at java.base/java.util.concurrent.CompletableFuture$AsyncSupply.run(CompletableFuture.java:1768) ~[?:?]
	... 3 more
[04:27:18] [ServerMain/ERROR]: Failed to load function cw:nxf/_ignored_r18kad
java.util.concurrent.CompletionException: java.lang.IllegalArgumentException: Whilst parsing command on line 2: Can't find element 'minecraft:generic.movement_speed' of type 'minecraft:attribute' at position 93: ...ment_speed<--[HERE]
	at java.base/java.util.concurrent.CompletableFuture.encodeThrowable(CompletableFuture.java:315) ~[?:?]
	at java.base/java.util.concurrent.CompletableFuture.completeThrowable(CompletableFuture.java:320) ~[?:?]
	at java.base/java.util.concurrent.CompletableFuture$AsyncSupply.run(CompletableFuture.java:1770) ~[?:?]
	at java.base/java.util.concurrent.ThreadPoolExecutor.runWorker(ThreadPoolExecutor.java:1144) ~[?:?]
	at java.base/java.util.concurrent.ThreadPoolExecutor$Worker.run(ThreadPoolExecutor.java:642) ~[?:?]
	at java.base/java.lang.Thread.run(Thread.java:1583) ~[?:?]
Caused by: java.lang.IllegalArgumentException: Whilst parsing command on line 2: Can't find element 'minecraft:generic.movement_speed' of type 'minecraft:attribute' at position 93: ...ment_speed<--[HERE]
	at net.minecraft.commands.functions.CommandFunction.fromLines(CommandFunction.java:86) ~[paper-1.21.3.jar:1.21.3-63-4190ee7]
	at net.minecraft.server.ServerFunctionLibrary.lambda$reload$3(ServerFunctionLibrary.java:92) ~[paper-1.21.3.jar:1.21.3-63-4190ee7]
	at java.base/java.util.concurrent.CompletableFuture$AsyncSupply.run(CompletableFuture.java:1768) ~[?:?]
	... 3 more
[04:27:18] [ServerMain/ERROR]: Failed to load function cw:nxf/mg2aztae
java.util.concurrent.CompletionException: java.lang.IllegalArgumentException: Whilst parsing command on line 10: Can't find element 'minecraft:generic.knockback_resistance' of type 'minecraft:attribute' at position 51: ...resistance<--[HERE]
	at java.base/java.util.concurrent.CompletableFuture.encodeThrowable(CompletableFuture.java:315) ~[?:?]
	at java.base/java.util.concurrent.CompletableFuture.completeThrowable(CompletableFuture.java:320) ~[?:?]
	at java.base/java.util.concurrent.CompletableFuture$AsyncSupply.run(CompletableFuture.java:1770) ~[?:?]
	at java.base/java.util.concurrent.ThreadPoolExecutor.runWorker(ThreadPoolExecutor.java:1144) ~[?:?]
	at java.base/java.util.concurrent.ThreadPoolExecutor$Worker.run(ThreadPoolExecutor.java:642) ~[?:?]
	at java.base/java.lang.Thread.run(Thread.java:1583) ~[?:?]
Caused by: java.lang.IllegalArgumentException: Whilst parsing command on line 10: Can't find element 'minecraft:generic.knockback_resistance' of type 'minecraft:attribute' at position 51: ...resistance<--[HERE]
	at net.minecraft.commands.functions.CommandFunction.fromLines(CommandFunction.java:86) ~[paper-1.21.3.jar:1.21.3-63-4190ee7]
	at net.minecraft.server.ServerFunctionLibrary.lambda$reload$3(ServerFunctionLibrary.java:92) ~[paper-1.21.3.jar:1.21.3-63-4190ee7]
	at java.base/java.util.concurrent.CompletableFuture$AsyncSupply.run(CompletableFuture.java:1768) ~[?:?]
	... 3 more
[04:27:18] [ServerMain/ERROR]: Failed to load function cw:nxf/_ignored_zlgdwle7
java.util.concurrent.CompletionException: java.lang.IllegalArgumentException: Whilst parsing command on line 2: Incorrect argument for command at position 123: ...bler] run <--[HERE]
	at java.base/java.util.concurrent.CompletableFuture.encodeThrowable(CompletableFuture.java:315) ~[?:?]
	at java.base/java.util.concurrent.CompletableFuture.completeThrowable(CompletableFuture.java:320) ~[?:?]
	at java.base/java.util.concurrent.CompletableFuture$AsyncSupply.run(CompletableFuture.java:1770) ~[?:?]
	at java.base/java.util.concurrent.ThreadPoolExecutor.runWorker(ThreadPoolExecutor.java:1144) ~[?:?]
	at java.base/java.util.concurrent.ThreadPoolExecutor$Worker.run(ThreadPoolExecutor.java:642) ~[?:?]
	at java.base/java.lang.Thread.run(Thread.java:1583) ~[?:?]
Caused by: java.lang.IllegalArgumentException: Whilst parsing command on line 2: Incorrect argument for command at position 123: ...bler] run <--[HERE]
	at net.minecraft.commands.functions.CommandFunction.fromLines(CommandFunction.java:86) ~[paper-1.21.3.jar:1.21.3-63-4190ee7]
	at net.minecraft.server.ServerFunctionLibrary.lambda$reload$3(ServerFunctionLibrary.java:92) ~[paper-1.21.3.jar:1.21.3-63-4190ee7]
	at java.base/java.util.concurrent.CompletableFuture$AsyncSupply.run(CompletableFuture.java:1768) ~[?:?]
	... 3 more
[04:27:18] [ServerMain/ERROR]: Failed to load function cw:nxf/_ignored_qpio3i
java.util.concurrent.CompletionException: java.lang.IllegalArgumentException: Whilst parsing command on line 2: Unknown or incomplete command, see below for error at position 0: <--[HERE]
	at java.base/java.util.concurrent.CompletableFuture.encodeThrowable(CompletableFuture.java:315) ~[?:?]
	at java.base/java.util.concurrent.CompletableFuture.completeThrowable(CompletableFuture.java:320) ~[?:?]
	at java.base/java.util.concurrent.CompletableFuture$AsyncSupply.run(CompletableFuture.java:1770) ~[?:?]
	at java.base/java.util.concurrent.ThreadPoolExecutor.runWorker(ThreadPoolExecutor.java:1144) ~[?:?]
	at java.base/java.util.concurrent.ThreadPoolExecutor$Worker.run(ThreadPoolExecutor.java:642) ~[?:?]
	at java.base/java.lang.Thread.run(Thread.java:1583) ~[?:?]
Caused by: java.lang.IllegalArgumentException: Whilst parsing command on line 2: Unknown or incomplete command, see below for error at position 0: <--[HERE]
	at net.minecraft.commands.functions.CommandFunction.fromLines(CommandFunction.java:86) ~[paper-1.21.3.jar:1.21.3-63-4190ee7]
	at net.minecraft.server.ServerFunctionLibrary.lambda$reload$3(ServerFunctionLibrary.java:92) ~[paper-1.21.3.jar:1.21.3-63-4190ee7]
	at java.base/java.util.concurrent.CompletableFuture$AsyncSupply.run(CompletableFuture.java:1768) ~[?:?]
	... 3 more
[04:27:18] [ServerMain/ERROR]: Failed to load function cw:nxf/_ignored_y3a5t5vt
java.util.concurrent.CompletionException: java.lang.IllegalArgumentException: Whilst parsing command on line 2: Can't find element 'minecraft:generic.follow_range' of type 'minecraft:attribute' at position 43: ...llow_range<--[HERE]
	at java.base/java.util.concurrent.CompletableFuture.encodeThrowable(CompletableFuture.java:315) ~[?:?]
	at java.base/java.util.concurrent.CompletableFuture.completeThrowable(CompletableFuture.java:320) ~[?:?]
	at java.base/java.util.concurrent.CompletableFuture$AsyncSupply.run(CompletableFuture.java:1770) ~[?:?]
	at java.base/java.util.concurrent.ThreadPoolExecutor.runWorker(ThreadPoolExecutor.java:1144) ~[?:?]
	at java.base/java.util.concurrent.ThreadPoolExecutor$Worker.run(ThreadPoolExecutor.java:642) ~[?:?]
	at java.base/java.lang.Thread.run(Thread.java:1583) ~[?:?]
Caused by: java.lang.IllegalArgumentException: Whilst parsing command on line 2: Can't find element 'minecraft:generic.follow_range' of type 'minecraft:attribute' at position 43: ...llow_range<--[HERE]
	at net.minecraft.commands.functions.CommandFunction.fromLines(CommandFunction.java:86) ~[paper-1.21.3.jar:1.21.3-63-4190ee7]
	at net.minecraft.server.ServerFunctionLibrary.lambda$reload$3(ServerFunctionLibrary.java:92) ~[paper-1.21.3.jar:1.21.3-63-4190ee7]
	at java.base/java.util.concurrent.CompletableFuture$AsyncSupply.run(CompletableFuture.java:1768) ~[?:?]
	... 3 more
[04:27:18] [ServerMain/ERROR]: Failed to load function cw:nxf/_ignored_jdntg
java.util.concurrent.CompletionException: java.lang.IllegalArgumentException: Whilst parsing command on line 2: Unknown or incomplete command, see below for error at position 0: <--[HERE]
	at java.base/java.util.concurrent.CompletableFuture.encodeThrowable(CompletableFuture.java:315) ~[?:?]
	at java.base/java.util.concurrent.CompletableFuture.completeThrowable(CompletableFuture.java:320) ~[?:?]
	at java.base/java.util.concurrent.CompletableFuture$AsyncSupply.run(CompletableFuture.java:1770) ~[?:?]
	at java.base/java.util.concurrent.ThreadPoolExecutor.runWorker(ThreadPoolExecutor.java:1144) ~[?:?]
	at java.base/java.util.concurrent.ThreadPoolExecutor$Worker.run(ThreadPoolExecutor.java:642) ~[?:?]
	at java.base/java.lang.Thread.run(Thread.java:1583) ~[?:?]
Caused by: java.lang.IllegalArgumentException: Whilst parsing command on line 2: Unknown or incomplete command, see below for error at position 0: <--[HERE]
	at net.minecraft.commands.functions.CommandFunction.fromLines(CommandFunction.java:86) ~[paper-1.21.3.jar:1.21.3-63-4190ee7]
	at net.minecraft.server.ServerFunctionLibrary.lambda$reload$3(ServerFunctionLibrary.java:92) ~[paper-1.21.3.jar:1.21.3-63-4190ee7]
	at java.base/java.util.concurrent.CompletableFuture$AsyncSupply.run(CompletableFuture.java:1768) ~[?:?]
	... 3 more
[04:27:18] [ServerMain/ERROR]: Failed to load function fokus:nxf/9q8wgbal
java.util.concurrent.CompletionException: java.lang.IllegalArgumentException: Whilst parsing command on line 2: Unknown or incomplete command, see below for error at position 0: <--[HERE]
	at java.base/java.util.concurrent.CompletableFuture.encodeThrowable(CompletableFuture.java:315) ~[?:?]
	at java.base/java.util.concurrent.CompletableFuture.completeThrowable(CompletableFuture.java:320) ~[?:?]
	at java.base/java.util.concurrent.CompletableFuture$AsyncSupply.run(CompletableFuture.java:1770) ~[?:?]
	at java.base/java.util.concurrent.ThreadPoolExecutor.runWorker(ThreadPoolExecutor.java:1144) ~[?:?]
	at java.base/java.util.concurrent.ThreadPoolExecutor$Worker.run(ThreadPoolExecutor.java:642) ~[?:?]
	at java.base/java.lang.Thread.run(Thread.java:1583) ~[?:?]
Caused by: java.lang.IllegalArgumentException: Whilst parsing command on line 2: Unknown or incomplete command, see below for error at position 0: <--[HERE]
	at net.minecraft.commands.functions.CommandFunction.fromLines(CommandFunction.java:86) ~[paper-1.21.3.jar:1.21.3-63-4190ee7]
	at net.minecraft.server.ServerFunctionLibrary.lambda$reload$3(ServerFunctionLibrary.java:92) ~[paper-1.21.3.jar:1.21.3-63-4190ee7]
	at java.base/java.util.concurrent.CompletableFuture$AsyncSupply.run(CompletableFuture.java:1768) ~[?:?]
	... 3 more
[04:27:18] [ServerMain/ERROR]: Failed to load function cw:nxf/_ignored_qxskf2tp7l
java.util.concurrent.CompletionException: java.lang.IllegalArgumentException: Whilst parsing command on line 2: Unknown block type 'minecraft:grass' at position 23: ...ock ~ ~ ~ <--[HERE]
	at java.base/java.util.concurrent.CompletableFuture.encodeThrowable(CompletableFuture.java:315) ~[?:?]
	at java.base/java.util.concurrent.CompletableFuture.completeThrowable(CompletableFuture.java:320) ~[?:?]
	at java.base/java.util.concurrent.CompletableFuture$AsyncSupply.run(CompletableFuture.java:1770) ~[?:?]
	at java.base/java.util.concurrent.ThreadPoolExecutor.runWorker(ThreadPoolExecutor.java:1144) ~[?:?]
	at java.base/java.util.concurrent.ThreadPoolExecutor$Worker.run(ThreadPoolExecutor.java:642) ~[?:?]
	at java.base/java.lang.Thread.run(Thread.java:1583) ~[?:?]
Caused by: java.lang.IllegalArgumentException: Whilst parsing command on line 2: Unknown block type 'minecraft:grass' at position 23: ...ock ~ ~ ~ <--[HERE]
	at net.minecraft.commands.functions.CommandFunction.fromLines(CommandFunction.java:86) ~[paper-1.21.3.jar:1.21.3-63-4190ee7]
	at net.minecraft.server.ServerFunctionLibrary.lambda$reload$3(ServerFunctionLibrary.java:92) ~[paper-1.21.3.jar:1.21.3-63-4190ee7]
	at java.base/java.util.concurrent.CompletableFuture$AsyncSupply.run(CompletableFuture.java:1768) ~[?:?]
	... 3 more
[04:27:18] [ServerMain/ERROR]: Failed to load function fokus:replace_psmob_cow
java.util.concurrent.CompletionException: java.lang.IllegalArgumentException: Whilst parsing command on line 2: Expected key at position 86: ...cow_psg"],<--[HERE]
	at java.base/java.util.concurrent.CompletableFuture.encodeThrowable(CompletableFuture.java:315) ~[?:?]
	at java.base/java.util.concurrent.CompletableFuture.completeThrowable(CompletableFuture.java:320) ~[?:?]
	at java.base/java.util.concurrent.CompletableFuture$AsyncSupply.run(CompletableFuture.java:1770) ~[?:?]
	at java.base/java.util.concurrent.ThreadPoolExecutor.runWorker(ThreadPoolExecutor.java:1144) ~[?:?]
	at java.base/java.util.concurrent.ThreadPoolExecutor$Worker.run(ThreadPoolExecutor.java:642) ~[?:?]
	at java.base/java.lang.Thread.run(Thread.java:1583) ~[?:?]
Caused by: java.lang.IllegalArgumentException: Whilst parsing command on line 2: Expected key at position 86: ...cow_psg"],<--[HERE]
	at net.minecraft.commands.functions.CommandFunction.fromLines(CommandFunction.java:86) ~[paper-1.21.3.jar:1.21.3-63-4190ee7]
	at net.minecraft.server.ServerFunctionLibrary.lambda$reload$3(ServerFunctionLibrary.java:92) ~[paper-1.21.3.jar:1.21.3-63-4190ee7]
	at java.base/java.util.concurrent.CompletableFuture$AsyncSupply.run(CompletableFuture.java:1768) ~[?:?]
	... 3 more
[04:27:18] [ServerMain/ERROR]: Failed to load function cw:nxf/_ignored_thm4fndti
java.util.concurrent.CompletionException: java.lang.IllegalArgumentException: Whilst parsing command on line 2: Unknown or incomplete command, see below for error at position 0: <--[HERE]
	at java.base/java.util.concurrent.CompletableFuture.encodeThrowable(CompletableFuture.java:315) ~[?:?]
	at java.base/java.util.concurrent.CompletableFuture.completeThrowable(CompletableFuture.java:320) ~[?:?]
	at java.base/java.util.concurrent.CompletableFuture$AsyncSupply.run(CompletableFuture.java:1770) ~[?:?]
	at java.base/java.util.concurrent.ThreadPoolExecutor.runWorker(ThreadPoolExecutor.java:1144) ~[?:?]
	at java.base/java.util.concurrent.ThreadPoolExecutor$Worker.run(ThreadPoolExecutor.java:642) ~[?:?]
	at java.base/java.lang.Thread.run(Thread.java:1583) ~[?:?]
Caused by: java.lang.IllegalArgumentException: Whilst parsing command on line 2: Unknown or incomplete command, see below for error at position 0: <--[HERE]
	at net.minecraft.commands.functions.CommandFunction.fromLines(CommandFunction.java:86) ~[paper-1.21.3.jar:1.21.3-63-4190ee7]
	at net.minecraft.server.ServerFunctionLibrary.lambda$reload$3(ServerFunctionLibrary.java:92) ~[paper-1.21.3.jar:1.21.3-63-4190ee7]
	at java.base/java.util.concurrent.CompletableFuture$AsyncSupply.run(CompletableFuture.java:1768) ~[?:?]
	... 3 more
[04:27:18] [ServerMain/ERROR]: Failed to load function cw:nxf/_ignored_wxd1uw
java.util.concurrent.CompletionException: java.lang.IllegalArgumentException: Whilst parsing command on line 2: Unknown or incomplete command, see below for error at position 0: <--[HERE]
	at java.base/java.util.concurrent.CompletableFuture.encodeThrowable(CompletableFuture.java:315) ~[?:?]
	at java.base/java.util.concurrent.CompletableFuture.completeThrowable(CompletableFuture.java:320) ~[?:?]
	at java.base/java.util.concurrent.CompletableFuture$AsyncSupply.run(CompletableFuture.java:1770) ~[?:?]
	at java.base/java.util.concurrent.ThreadPoolExecutor.runWorker(ThreadPoolExecutor.java:1144) ~[?:?]
	at java.base/java.util.concurrent.ThreadPoolExecutor$Worker.run(ThreadPoolExecutor.java:642) ~[?:?]
	at java.base/java.lang.Thread.run(Thread.java:1583) ~[?:?]
Caused by: java.lang.IllegalArgumentException: Whilst parsing command on line 2: Unknown or incomplete command, see below for error at position 0: <--[HERE]
	at net.minecraft.commands.functions.CommandFunction.fromLines(CommandFunction.java:86) ~[paper-1.21.3.jar:1.21.3-63-4190ee7]
	at net.minecraft.server.ServerFunctionLibrary.lambda$reload$3(ServerFunctionLibrary.java:92) ~[paper-1.21.3.jar:1.21.3-63-4190ee7]
	at java.base/java.util.concurrent.CompletableFuture$AsyncSupply.run(CompletableFuture.java:1768) ~[?:?]
	... 3 more
[04:27:18] [ServerMain/ERROR]: Failed to load function cw:nxf/_ignored_sshj
java.util.concurrent.CompletionException: java.lang.IllegalArgumentException: Whilst parsing command on line 2: Unknown or incomplete command, see below for error at position 0: <--[HERE]
	at java.base/java.util.concurrent.CompletableFuture.encodeThrowable(CompletableFuture.java:315) ~[?:?]
	at java.base/java.util.concurrent.CompletableFuture.completeThrowable(CompletableFuture.java:320) ~[?:?]
	at java.base/java.util.concurrent.CompletableFuture$AsyncSupply.run(CompletableFuture.java:1770) ~[?:?]
	at java.base/java.util.concurrent.ThreadPoolExecutor.runWorker(ThreadPoolExecutor.java:1144) ~[?:?]
	at java.base/java.util.concurrent.ThreadPoolExecutor$Worker.run(ThreadPoolExecutor.java:642) ~[?:?]
	at java.base/java.lang.Thread.run(Thread.java:1583) ~[?:?]
Caused by: java.lang.IllegalArgumentException: Whilst parsing command on line 2: Unknown or incomplete command, see below for error at position 0: <--[HERE]
	at net.minecraft.commands.functions.CommandFunction.fromLines(CommandFunction.java:86) ~[paper-1.21.3.jar:1.21.3-63-4190ee7]
	at net.minecraft.server.ServerFunctionLibrary.lambda$reload$3(ServerFunctionLibrary.java:92) ~[paper-1.21.3.jar:1.21.3-63-4190ee7]
	at java.base/java.util.concurrent.CompletableFuture$AsyncSupply.run(CompletableFuture.java:1768) ~[?:?]
	... 3 more
[04:27:18] [ServerMain/ERROR]: Failed to load function cw:nxf/_ignored_vyat55828
java.util.concurrent.CompletionException: java.lang.IllegalArgumentException: Whilst parsing command on line 2: Unknown or incomplete command, see below for error at position 0: <--[HERE]
	at java.base/java.util.concurrent.CompletableFuture.encodeThrowable(CompletableFuture.java:315) ~[?:?]
	at java.base/java.util.concurrent.CompletableFuture.completeThrowable(CompletableFuture.java:320) ~[?:?]
	at java.base/java.util.concurrent.CompletableFuture$AsyncSupply.run(CompletableFuture.java:1770) ~[?:?]
	at java.base/java.util.concurrent.ThreadPoolExecutor.runWorker(ThreadPoolExecutor.java:1144) ~[?:?]
	at java.base/java.util.concurrent.ThreadPoolExecutor$Worker.run(ThreadPoolExecutor.java:642) ~[?:?]
	at java.base/java.lang.Thread.run(Thread.java:1583) ~[?:?]
Caused by: java.lang.IllegalArgumentException: Whilst parsing command on line 2: Unknown or incomplete command, see below for error at position 0: <--[HERE]
	at net.minecraft.commands.functions.CommandFunction.fromLines(CommandFunction.java:86) ~[paper-1.21.3.jar:1.21.3-63-4190ee7]
	at net.minecraft.server.ServerFunctionLibrary.lambda$reload$3(ServerFunctionLibrary.java:92) ~[paper-1.21.3.jar:1.21.3-63-4190ee7]
	at java.base/java.util.concurrent.CompletableFuture$AsyncSupply.run(CompletableFuture.java:1768) ~[?:?]
	... 3 more
[04:27:18] [ServerMain/ERROR]: Failed to load function cw:nxf/wy7c8hn
java.util.concurrent.CompletionException: java.lang.IllegalArgumentException: Whilst parsing command on line 10: Can't find element 'minecraft:generic.knockback_resistance' of type 'minecraft:attribute' at position 51: ...resistance<--[HERE]
	at java.base/java.util.concurrent.CompletableFuture.encodeThrowable(CompletableFuture.java:315) ~[?:?]
	at java.base/java.util.concurrent.CompletableFuture.completeThrowable(CompletableFuture.java:320) ~[?:?]
	at java.base/java.util.concurrent.CompletableFuture$AsyncSupply.run(CompletableFuture.java:1770) ~[?:?]
	at java.base/java.util.concurrent.ThreadPoolExecutor.runWorker(ThreadPoolExecutor.java:1144) ~[?:?]
	at java.base/java.util.concurrent.ThreadPoolExecutor$Worker.run(ThreadPoolExecutor.java:642) ~[?:?]
	at java.base/java.lang.Thread.run(Thread.java:1583) ~[?:?]
Caused by: java.lang.IllegalArgumentException: Whilst parsing command on line 10: Can't find element 'minecraft:generic.knockback_resistance' of type 'minecraft:attribute' at position 51: ...resistance<--[HERE]
	at net.minecraft.commands.functions.CommandFunction.fromLines(CommandFunction.java:86) ~[paper-1.21.3.jar:1.21.3-63-4190ee7]
	at net.minecraft.server.ServerFunctionLibrary.lambda$reload$3(ServerFunctionLibrary.java:92) ~[paper-1.21.3.jar:1.21.3-63-4190ee7]
	at java.base/java.util.concurrent.CompletableFuture$AsyncSupply.run(CompletableFuture.java:1768) ~[?:?]
	... 3 more
[04:27:18] [ServerMain/ERROR]: Failed to load function fokus:vd/cores/1.21.4
java.util.concurrent.CompletionException: java.lang.IllegalArgumentException: Whilst parsing command on line 1: Unknown block type 'minecraft:open_eyeblossom' at position 23: ...ock 0 0 0 <--[HERE]
	at java.base/java.util.concurrent.CompletableFuture.encodeThrowable(CompletableFuture.java:315) ~[?:?]
	at java.base/java.util.concurrent.CompletableFuture.completeThrowable(CompletableFuture.java:320) ~[?:?]
	at java.base/java.util.concurrent.CompletableFuture$AsyncSupply.run(CompletableFuture.java:1770) ~[?:?]
	at java.base/java.util.concurrent.ThreadPoolExecutor.runWorker(ThreadPoolExecutor.java:1144) ~[?:?]
	at java.base/java.util.concurrent.ThreadPoolExecutor$Worker.run(ThreadPoolExecutor.java:642) ~[?:?]
	at java.base/java.lang.Thread.run(Thread.java:1583) ~[?:?]
Caused by: java.lang.IllegalArgumentException: Whilst parsing command on line 1: Unknown block type 'minecraft:open_eyeblossom' at position 23: ...ock 0 0 0 <--[HERE]
	at net.minecraft.commands.functions.CommandFunction.fromLines(CommandFunction.java:86) ~[paper-1.21.3.jar:1.21.3-63-4190ee7]
	at net.minecraft.server.ServerFunctionLibrary.lambda$reload$3(ServerFunctionLibrary.java:92) ~[paper-1.21.3.jar:1.21.3-63-4190ee7]
	at java.base/java.util.concurrent.CompletableFuture$AsyncSupply.run(CompletableFuture.java:1768) ~[?:?]
	... 3 more
[04:27:18] [ServerMain/ERROR]: Failed to load function cw:nxf/_ignored_d5cfroe88ju
java.util.concurrent.CompletionException: java.lang.IllegalArgumentException: Whilst parsing command on line 2: Can't find element 'minecraft:generic.movement_speed' of type 'minecraft:attribute' at position 97: ...ment_speed<--[HERE]
	at java.base/java.util.concurrent.CompletableFuture.encodeThrowable(CompletableFuture.java:315) ~[?:?]
	at java.base/java.util.concurrent.CompletableFuture.completeThrowable(CompletableFuture.java:320) ~[?:?]
	at java.base/java.util.concurrent.CompletableFuture$AsyncSupply.run(CompletableFuture.java:1770) ~[?:?]
	at java.base/java.util.concurrent.ThreadPoolExecutor.runWorker(ThreadPoolExecutor.java:1144) ~[?:?]
	at java.base/java.util.concurrent.ThreadPoolExecutor$Worker.run(ThreadPoolExecutor.java:642) ~[?:?]
	at java.base/java.lang.Thread.run(Thread.java:1583) ~[?:?]
Caused by: java.lang.IllegalArgumentException: Whilst parsing command on line 2: Can't find element 'minecraft:generic.movement_speed' of type 'minecraft:attribute' at position 97: ...ment_speed<--[HERE]
	at net.minecraft.commands.functions.CommandFunction.fromLines(CommandFunction.java:86) ~[paper-1.21.3.jar:1.21.3-63-4190ee7]
	at net.minecraft.server.ServerFunctionLibrary.lambda$reload$3(ServerFunctionLibrary.java:92) ~[paper-1.21.3.jar:1.21.3-63-4190ee7]
	at java.base/java.util.concurrent.CompletableFuture$AsyncSupply.run(CompletableFuture.java:1768) ~[?:?]
	... 3 more
[04:27:18] [ServerMain/ERROR]: Failed to load function cw:nxf/_ignored_9mlid56
java.util.concurrent.CompletionException: java.lang.IllegalArgumentException: Whilst parsing command on line 2: Unknown or incomplete command, see below for error at position 0: <--[HERE]
	at java.base/java.util.concurrent.CompletableFuture.encodeThrowable(CompletableFuture.java:315) ~[?:?]
	at java.base/java.util.concurrent.CompletableFuture.completeThrowable(CompletableFuture.java:320) ~[?:?]
	at java.base/java.util.concurrent.CompletableFuture$AsyncSupply.run(CompletableFuture.java:1770) ~[?:?]
	at java.base/java.util.concurrent.ThreadPoolExecutor.runWorker(ThreadPoolExecutor.java:1144) ~[?:?]
	at java.base/java.util.concurrent.ThreadPoolExecutor$Worker.run(ThreadPoolExecutor.java:642) ~[?:?]
	at java.base/java.lang.Thread.run(Thread.java:1583) ~[?:?]
Caused by: java.lang.IllegalArgumentException: Whilst parsing command on line 2: Unknown or incomplete command, see below for error at position 0: <--[HERE]
	at net.minecraft.commands.functions.CommandFunction.fromLines(CommandFunction.java:86) ~[paper-1.21.3.jar:1.21.3-63-4190ee7]
	at net.minecraft.server.ServerFunctionLibrary.lambda$reload$3(ServerFunctionLibrary.java:92) ~[paper-1.21.3.jar:1.21.3-63-4190ee7]
	at java.base/java.util.concurrent.CompletableFuture$AsyncSupply.run(CompletableFuture.java:1768) ~[?:?]
	... 3 more
[04:27:18] [ServerMain/ERROR]: Failed to load function cw:nxf/_ignored_yumkld
java.util.concurrent.CompletionException: java.lang.IllegalArgumentException: Whilst parsing command on line 2: Can't find element 'minecraft:generic.movement_speed' of type 'minecraft:attribute' at position 97: ...ment_speed<--[HERE]
	at java.base/java.util.concurrent.CompletableFuture.encodeThrowable(CompletableFuture.java:315) ~[?:?]
	at java.base/java.util.concurrent.CompletableFuture.completeThrowable(CompletableFuture.java:320) ~[?:?]
	at java.base/java.util.concurrent.CompletableFuture$AsyncSupply.run(CompletableFuture.java:1770) ~[?:?]
	at java.base/java.util.concurrent.ThreadPoolExecutor.runWorker(ThreadPoolExecutor.java:1144) ~[?:?]
	at java.base/java.util.concurrent.ThreadPoolExecutor$Worker.run(ThreadPoolExecutor.java:642) ~[?:?]
	at java.base/java.lang.Thread.run(Thread.java:1583) ~[?:?]
Caused by: java.lang.IllegalArgumentException: Whilst parsing command on line 2: Can't find element 'minecraft:generic.movement_speed' of type 'minecraft:attribute' at position 97: ...ment_speed<--[HERE]
	at net.minecraft.commands.functions.CommandFunction.fromLines(CommandFunction.java:86) ~[paper-1.21.3.jar:1.21.3-63-4190ee7]
	at net.minecraft.server.ServerFunctionLibrary.lambda$reload$3(ServerFunctionLibrary.java:92) ~[paper-1.21.3.jar:1.21.3-63-4190ee7]
	at java.base/java.util.concurrent.CompletableFuture$AsyncSupply.run(CompletableFuture.java:1768) ~[?:?]
	... 3 more
[04:27:18] [ServerMain/ERROR]: Failed to load function cw:nxf/_ignored_sao8vmp
java.util.concurrent.CompletionException: java.lang.IllegalArgumentException: Whilst parsing command on line 2: Unknown or incomplete command, see below for error at position 0: <--[HERE]
	at java.base/java.util.concurrent.CompletableFuture.encodeThrowable(CompletableFuture.java:315) ~[?:?]
	at java.base/java.util.concurrent.CompletableFuture.completeThrowable(CompletableFuture.java:320) ~[?:?]
	at java.base/java.util.concurrent.CompletableFuture$AsyncSupply.run(CompletableFuture.java:1770) ~[?:?]
	at java.base/java.util.concurrent.ThreadPoolExecutor.runWorker(ThreadPoolExecutor.java:1144) ~[?:?]
	at java.base/java.util.concurrent.ThreadPoolExecutor$Worker.run(ThreadPoolExecutor.java:642) ~[?:?]
	at java.base/java.lang.Thread.run(Thread.java:1583) ~[?:?]
Caused by: java.lang.IllegalArgumentException: Whilst parsing command on line 2: Unknown or incomplete command, see below for error at position 0: <--[HERE]
	at net.minecraft.commands.functions.CommandFunction.fromLines(CommandFunction.java:86) ~[paper-1.21.3.jar:1.21.3-63-4190ee7]
	at net.minecraft.server.ServerFunctionLibrary.lambda$reload$3(ServerFunctionLibrary.java:92) ~[paper-1.21.3.jar:1.21.3-63-4190ee7]
	at java.base/java.util.concurrent.CompletableFuture$AsyncSupply.run(CompletableFuture.java:1768) ~[?:?]
	... 3 more
[04:27:18] [ServerMain/ERROR]: Failed to load function cw:nxf/_ignored_49eurz7
java.util.concurrent.CompletionException: java.lang.IllegalArgumentException: Whilst parsing command on line 2: Can't find element 'minecraft:generic.movement_speed' of type 'minecraft:attribute' at position 101: ...ment_speed<--[HERE]
	at java.base/java.util.concurrent.CompletableFuture.encodeThrowable(CompletableFuture.java:315) ~[?:?]
	at java.base/java.util.concurrent.CompletableFuture.completeThrowable(CompletableFuture.java:320) ~[?:?]
	at java.base/java.util.concurrent.CompletableFuture$AsyncSupply.run(CompletableFuture.java:1770) ~[?:?]
	at java.base/java.util.concurrent.ThreadPoolExecutor.runWorker(ThreadPoolExecutor.java:1144) ~[?:?]
	at java.base/java.util.concurrent.ThreadPoolExecutor$Worker.run(ThreadPoolExecutor.java:642) ~[?:?]
	at java.base/java.lang.Thread.run(Thread.java:1583) ~[?:?]
Caused by: java.lang.IllegalArgumentException: Whilst parsing command on line 2: Can't find element 'minecraft:generic.movement_speed' of type 'minecraft:attribute' at position 101: ...ment_speed<--[HERE]
	at net.minecraft.commands.functions.CommandFunction.fromLines(CommandFunction.java:86) ~[paper-1.21.3.jar:1.21.3-63-4190ee7]
	at net.minecraft.server.ServerFunctionLibrary.lambda$reload$3(ServerFunctionLibrary.java:92) ~[paper-1.21.3.jar:1.21.3-63-4190ee7]
	at java.base/java.util.concurrent.CompletableFuture$AsyncSupply.run(CompletableFuture.java:1768) ~[?:?]
	... 3 more
[04:27:18] [ServerMain/ERROR]: Failed to load function cw:nxf/_ignored_n10kyo88
java.util.concurrent.CompletionException: java.lang.IllegalArgumentException: Whilst parsing command on line 2: Unknown or incomplete command, see below for error at position 0: <--[HERE]
	at java.base/java.util.concurrent.CompletableFuture.encodeThrowable(CompletableFuture.java:315) ~[?:?]
	at java.base/java.util.concurrent.CompletableFuture.completeThrowable(CompletableFuture.java:320) ~[?:?]
	at java.base/java.util.concurrent.CompletableFuture$AsyncSupply.run(CompletableFuture.java:1770) ~[?:?]
	at java.base/java.util.concurrent.ThreadPoolExecutor.runWorker(ThreadPoolExecutor.java:1144) ~[?:?]
	at java.base/java.util.concurrent.ThreadPoolExecutor$Worker.run(ThreadPoolExecutor.java:642) ~[?:?]
	at java.base/java.lang.Thread.run(Thread.java:1583) ~[?:?]
Caused by: java.lang.IllegalArgumentException: Whilst parsing command on line 2: Unknown or incomplete command, see below for error at position 0: <--[HERE]
	at net.minecraft.commands.functions.CommandFunction.fromLines(CommandFunction.java:86) ~[paper-1.21.3.jar:1.21.3-63-4190ee7]
	at net.minecraft.server.ServerFunctionLibrary.lambda$reload$3(ServerFunctionLibrary.java:92) ~[paper-1.21.3.jar:1.21.3-63-4190ee7]
	at java.base/java.util.concurrent.CompletableFuture$AsyncSupply.run(CompletableFuture.java:1768) ~[?:?]
	... 3 more
[04:27:18] [ServerMain/ERROR]: Failed to load function cw:nxf/_ignored_lzsy4o
java.util.concurrent.CompletionException: java.lang.IllegalArgumentException: Whilst parsing command on line 2: Can't find element 'minecraft:generic.movement_speed' of type 'minecraft:attribute' at position 35: ...ment_speed<--[HERE]
	at java.base/java.util.concurrent.CompletableFuture.encodeThrowable(CompletableFuture.java:315) ~[?:?]
	at java.base/java.util.concurrent.CompletableFuture.completeThrowable(CompletableFuture.java:320) ~[?:?]
	at java.base/java.util.concurrent.CompletableFuture$AsyncSupply.run(CompletableFuture.java:1770) ~[?:?]
	at java.base/java.util.concurrent.ThreadPoolExecutor.runWorker(ThreadPoolExecutor.java:1144) ~[?:?]
	at java.base/java.util.concurrent.ThreadPoolExecutor$Worker.run(ThreadPoolExecutor.java:642) ~[?:?]
	at java.base/java.lang.Thread.run(Thread.java:1583) ~[?:?]
Caused by: java.lang.IllegalArgumentException: Whilst parsing command on line 2: Can't find element 'minecraft:generic.movement_speed' of type 'minecraft:attribute' at position 35: ...ment_speed<--[HERE]
	at net.minecraft.commands.functions.CommandFunction.fromLines(CommandFunction.java:86) ~[paper-1.21.3.jar:1.21.3-63-4190ee7]
	at net.minecraft.server.ServerFunctionLibrary.lambda$reload$3(ServerFunctionLibrary.java:92) ~[paper-1.21.3.jar:1.21.3-63-4190ee7]
	at java.base/java.util.concurrent.CompletableFuture$AsyncSupply.run(CompletableFuture.java:1768) ~[?:?]
	... 3 more
[04:27:18] [ServerMain/INFO]: Loaded 1448 advancements
[04:27:18] [Server thread/INFO]: Starting minecraft server version 1.21.3
[04:27:18] [Server thread/INFO]: Loading properties
[04:27:18] [Server thread/INFO]: This server is running Paper version 1.21.3-63-master@4190ee7 (2024-11-25T18:59:19Z) (Implementing API version 1.21.3-R0.1-SNAPSHOT)
[04:27:20] [Server thread/INFO]: [spark] This server bundles the spark profiler. For more information please visit https://docs.papermc.io/paper/profiling
[04:27:20] [Server thread/INFO]: Server Ping Player Sample Count: 12
[04:27:20] [Server thread/INFO]: Using 4 threads for Netty based IO
[04:27:20] [Server thread/INFO]: [MoonriseCommon] Paper is using 1 worker threads, 1 I/O threads
[04:27:20] [Server thread/INFO]: [ChunkTaskScheduler] Chunk system is using population gen parallelism: true
[04:27:20] [Server thread/INFO]: Default game type: SURVIVAL
[04:27:20] [Server thread/INFO]: Generating keypair
[04:27:20] [Server thread/INFO]: Starting Minecraft server on *:25565
[04:27:21] [Server thread/INFO]: Using epoll channel type
[04:27:21] [Server thread/INFO]: Paper: Using libdeflate (Linux x86_64) compression from Velocity.
[04:27:21] [Server thread/INFO]: Paper: Using OpenSSL 1.1.x (Linux x86_64) cipher from Velocity.
[04:27:21] [Server thread/ERROR]: [ModernPluginLoadingStrategy] Could not load 'plugins/.paper-remapped/QuickEC-2.1.1.jar' in 'plugins/.paper-remapped'
org.bukkit.plugin.UnknownDependencyException: Unknown/missing dependency plugins: [Kotlin]. Please download and install these plugins to run 'QuickEC'.
	at io.papermc.paper.plugin.entrypoint.strategy.modern.ModernPluginLoadingStrategy.loadProviders(ModernPluginLoadingStrategy.java:82) ~[paper-1.21.3.jar:1.21.3-63-4190ee7]
	at io.papermc.paper.plugin.storage.SimpleProviderStorage.enter(SimpleProviderStorage.java:38) ~[paper-1.21.3.jar:1.21.3-63-4190ee7]
	at io.papermc.paper.plugin.entrypoint.LaunchEntryPointHandler.enter(LaunchEntryPointHandler.java:40) ~[paper-1.21.3.jar:1.21.3-63-4190ee7]
	at org.bukkit.craftbukkit.CraftServer.loadPlugins(CraftServer.java:561) ~[paper-1.21.3.jar:1.21.3-63-4190ee7]
	at net.minecraft.server.dedicated.DedicatedServer.initServer(DedicatedServer.java:289) ~[paper-1.21.3.jar:1.21.3-63-4190ee7]
	at net.minecraft.server.MinecraftServer.runServer(MinecraftServer.java:1234) ~[paper-1.21.3.jar:1.21.3-63-4190ee7]
	at net.minecraft.server.MinecraftServer.lambda$spin$0(MinecraftServer.java:340) ~[paper-1.21.3.jar:1.21.3-63-4190ee7]
	at java.base/java.lang.Thread.run(Thread.java:1583) ~[?:?]
[04:27:21] [Server thread/INFO]: [SpigotLibraryLoader] [LagFixer] Loading 3 libraries... please wait
[04:27:21] [Server thread/INFO]: [SpigotLibraryLoader] [LagFixer] Loaded library /workspaces/server/servidor_minecraft/libraries/org/apache/commons/commons-lang3/3.17.0/commons-lang3-3.17.0.jar
[04:27:21] [Server thread/INFO]: [SpigotLibraryLoader] [LagFixer] Loaded library /workspaces/server/servidor_minecraft/libraries/commons-io/commons-io/2.18.0/commons-io-2.18.0.jar
[04:27:21] [Server thread/INFO]: [SpigotLibraryLoader] [LagFixer] Loaded library /workspaces/server/servidor_minecraft/libraries/com/github/oshi/oshi-core/6.8.0/oshi-core-6.8.0.jar
[04:27:21] [Server thread/INFO]: [SpigotLibraryLoader] [LagFixer] Loaded library /workspaces/server/servidor_minecraft/libraries/net/java/dev/jna/jna/5.17.0/jna-5.17.0.jar
[04:27:21] [Server thread/INFO]: [SpigotLibraryLoader] [LagFixer] Loaded library /workspaces/server/servidor_minecraft/libraries/net/java/dev/jna/jna-platform/5.17.0/jna-platform-5.17.0.jar
[04:27:21] [Server thread/INFO]: [SpigotLibraryLoader] [LagFixer] Loaded library /workspaces/server/servidor_minecraft/libraries/org/slf4j/slf4j-api/2.0.17/slf4j-api-2.0.17.jar
[04:27:21] [Server thread/INFO]: [nightcore] Server version detected as Paper 1.21.3. Using paper-bridge.
[04:27:21] [Server thread/INFO]: [SpigotLibraryLoader] [tps-hud] Loading 1 libraries... please wait
[04:27:21] [Server thread/INFO]: [SpigotLibraryLoader] [tps-hud] Loaded library /workspaces/server/servidor_minecraft/libraries/org/jetbrains/kotlin/kotlin-stdlib/1.8.10/kotlin-stdlib-1.8.10.jar
[04:27:21] [Server thread/INFO]: [SpigotLibraryLoader] [tps-hud] Loaded library /workspaces/server/servidor_minecraft/libraries/org/jetbrains/kotlin/kotlin-stdlib-common/1.8.10/kotlin-stdlib-common-1.8.10.jar
[04:27:21] [Server thread/INFO]: [SpigotLibraryLoader] [tps-hud] Loaded library /workspaces/server/servidor_minecraft/libraries/org/jetbrains/annotations/13.0/annotations-13.0.jar
[04:27:21] [Server thread/WARN]: [org.bukkit.craftbukkit.legacy.CraftLegacy] Initializing Legacy Material Support. Unless you have legacy plugins and/or data this is a bug!
[04:27:29] [Server thread/WARN]: Legacy plugin ReanimateMC v1.0 does not specify an api-version.
[04:27:29] [Server thread/INFO]: [SpigotLibraryLoader] [UltimateTeams] Loading 6 libraries... please wait
[04:27:29] [Server thread/INFO]: [SpigotLibraryLoader] [UltimateTeams] Loaded library /workspaces/server/servidor_minecraft/libraries/com/mysql/mysql-connector-j/9.0.0/mysql-connector-j-9.0.0.jar
[04:27:29] [Server thread/INFO]: [SpigotLibraryLoader] [UltimateTeams] Loaded library /workspaces/server/servidor_minecraft/libraries/com/google/protobuf/protobuf-java/4.26.1/protobuf-java-4.26.1.jar
[04:27:29] [Server thread/INFO]: [SpigotLibraryLoader] [UltimateTeams] Loaded library /workspaces/server/servidor_minecraft/libraries/org/mariadb/jdbc/mariadb-java-client/3.4.1/mariadb-java-client-3.4.1.jar
[04:27:29] [Server thread/INFO]: [SpigotLibraryLoader] [UltimateTeams] Loaded library /workspaces/server/servidor_minecraft/libraries/com/github/waffle/waffle-jna/3.3.0/waffle-jna-3.3.0.jar
[04:27:29] [Server thread/INFO]: [SpigotLibraryLoader] [UltimateTeams] Loaded library /workspaces/server/servidor_minecraft/libraries/net/java/dev/jna/jna/5.13.0/jna-5.13.0.jar
[04:27:29] [Server thread/INFO]: [SpigotLibraryLoader] [UltimateTeams] Loaded library /workspaces/server/servidor_minecraft/libraries/net/java/dev/jna/jna-platform/5.13.0/jna-platform-5.13.0.jar
[04:27:29] [Server thread/INFO]: [SpigotLibraryLoader] [UltimateTeams] Loaded library /workspaces/server/servidor_minecraft/libraries/org/slf4j/jcl-over-slf4j/2.0.7/jcl-over-slf4j-2.0.7.jar
[04:27:29] [Server thread/INFO]: [SpigotLibraryLoader] [UltimateTeams] Loaded library /workspaces/server/servidor_minecraft/libraries/com/github/ben-manes/caffeine/caffeine/2.9.3/caffeine-2.9.3.jar
[04:27:29] [Server thread/INFO]: [SpigotLibraryLoader] [UltimateTeams] Loaded library /workspaces/server/servidor_minecraft/libraries/com/google/errorprone/error_prone_annotations/2.10.0/error_prone_annotations-2.10.0.jar
[04:27:29] [Server thread/INFO]: [SpigotLibraryLoader] [UltimateTeams] Loaded library /workspaces/server/servidor_minecraft/libraries/org/xerial/sqlite-jdbc/3.46.1.0/sqlite-jdbc-3.46.1.0.jar
[04:27:29] [Server thread/INFO]: [SpigotLibraryLoader] [UltimateTeams] Loaded library /workspaces/server/servidor_minecraft/libraries/org/slf4j/slf4j-api/1.7.36/slf4j-api-1.7.36.jar
[04:27:29] [Server thread/INFO]: [SpigotLibraryLoader] [UltimateTeams] Loaded library /workspaces/server/servidor_minecraft/libraries/com/h2database/h2/2.3.232/h2-2.3.232.jar
[04:27:29] [Server thread/INFO]: [SpigotLibraryLoader] [UltimateTeams] Loaded library /workspaces/server/servidor_minecraft/libraries/com/zaxxer/HikariCP/5.1.0/HikariCP-5.1.0.jar
[04:27:29] [Server thread/INFO]: [SpigotLibraryLoader] [UltimateTeams] Loaded library /workspaces/server/servidor_minecraft/libraries/org/postgresql/postgresql/42.7.3/postgresql-42.7.3.jar
[04:27:29] [Server thread/INFO]: [SpigotLibraryLoader] [UltimateTeams] Loaded library /workspaces/server/servidor_minecraft/libraries/org/checkerframework/checker-qual/3.42.0/checker-qual-3.42.0.jar
[04:27:29] [Server thread/INFO]: [[38;5;11m[0m] Loading server plugin LagFixer v1.4.06 (build 101)
[04:27:29] [Server thread/INFO]: [Brutal_Nightmare] Loading server plugin Brutal_Nightmare v4.0
[04:27:29] [Server thread/INFO]: [JustTPA] Loading server plugin JustTPA v20250220c
[04:27:29] [Server thread/INFO]: [nightcore] Loading server plugin nightcore v2.7.4
[04:27:29] [Server thread/INFO]: [tps-hud] Loading server plugin tps-hud v1.7.5+1.21.5
[04:27:29] [Server thread/INFO]: [Clumps] Loading server plugin Clumps v4.0
[04:27:29] [Server thread/INFO]: [TabLocation] Loading server plugin TabLocation v1.6.0
[04:27:29] [Server thread/INFO]: [FokusAPI] Loading server plugin FokusAPI v2.3
[04:27:29] [Server thread/INFO]: [DoubleJump] Loading server plugin DoubleJump v2.5
[04:27:29] [Server thread/INFO]: [DeathCoords] Loading server plugin DeathCoords vV1.0
[04:27:29] [Server thread/INFO]: [SetSpawn] Loading server plugin SetSpawn v3.1
[04:27:29] [Server thread/INFO]: [DeathChest] Loading server plugin DeathChest v1.3
[04:27:29] [Server thread/INFO]: [XPHearts] Loading server plugin XPHearts v1.1.1
[04:27:29] [Server thread/INFO]: [BoundlessForging] Loading server plugin BoundlessForging v1.0-SNAPSHOT
[04:27:29] [Server thread/INFO]: [LoginTo] Loading server plugin LoginTo v1.4-release
[04:27:29] [Server thread/INFO]: [WorldEdit] Loading server plugin WorldEdit v7.3.12-beta-01+2a9a7ed
[04:27:30] [Server thread/INFO]: Got request to register class com.sk89q.worldedit.bukkit.BukkitServerInterface with WorldEdit [com.sk89q.worldedit.extension.platform.PlatformManager@4d50ca84]
[04:27:30] [Server thread/INFO]: [SkinsRestorer] Loading server plugin SkinsRestorer v15.6.1
[04:27:30] [Server thread/INFO]: [InstantRestock] Loading server plugin InstantRestock v2.5.1
[04:27:30] [Server thread/INFO]: [LimitedLives] Loading server plugin LimitedLives v4.0.0
[04:27:30] [Server thread/INFO]: [LetUrMemoryRest] Loading server plugin LetUrMemoryRest v4.1
[04:27:30] [Server thread/INFO]: [SimpleBucketMobs] Loading server plugin SimpleBucketMobs v1.2.1
[04:27:30] [Server thread/INFO]: [ReanimateMC] Loading server plugin ReanimateMC v1.0
[04:27:30] [Server thread/INFO]: [chairs] Loading server plugin chairs v1.2.2
[04:27:30] [Server thread/INFO]: [Veinminer] Loading server plugin Veinminer v2.4.3
[04:27:30] [Server thread/INFO]: [AutoTreeChop] Loading server plugin AutoTreeChop v1.6.1
[04:27:30] [Server thread/INFO]: [Chunky] Loading server plugin Chunky v1.4.36
[04:27:30] [Server thread/INFO]: [Xhomes] Loading server plugin Xhomes v2.1
[04:27:30] [Server thread/INFO]: [UltimateTeams] Loading server plugin UltimateTeams v3.2.1
[04:27:30] [Server thread/INFO]: [Wall_Climbing] Loading server plugin Wall_Climbing v3.1.1
[04:27:30] [Server thread/INFO]: Server permissions file permissions.yml is empty, ignoring it
[04:27:30] [Server thread/INFO]: [nightcore] Enabling nightcore v2.7.4
[04:27:31] [Server thread/INFO]: [nightcore] Downloading 'en' assets from github...
[04:27:31] [Server thread/INFO]: [nightcore] Time zone set as Etc/UTC
[04:27:31] [Server thread/INFO]: [nightcore] Plugin loaded in 379 ms!
[04:27:31] [Server thread/INFO]: [Clumps] Enabling Clumps v4.0
[04:27:31] [Server thread/INFO]: [LoginTo] Enabling LoginTo v1.4-release
[04:27:31] [Server thread/INFO]: [WorldEdit] Enabling WorldEdit v7.3.12-beta-01+2a9a7ed
[04:27:31] [Server thread/INFO]: Registering commands with com.sk89q.worldedit.bukkit.BukkitServerInterface
[04:27:31] [Server thread/INFO]: WEPIF: Using the Bukkit Permissions API.
[04:27:31] [Server thread/INFO]: Using com.sk89q.worldedit.bukkit.adapter.impl.v1_21_3.PaperweightAdapter as the Bukkit adapter
[04:27:32] [Server thread/INFO]: [SkinsRestorer] Enabling SkinsRestorer v15.6.1
[04:27:32] [Server thread/WARN]: [SkinsRestorer] You must agree to the rules at 'commands.perSkinPermissionsConsent' in the config to use per skin permissions.
[04:27:32] [Server thread/INFO]: [SkinsRestorer] Running on Minecraft 1.21.3.
[04:27:33] [Server thread/INFO]: [SkinsRestorer] Using paper join listener!
[04:27:33] [Server thread/INFO]: [Veinminer] Enabling Veinminer v2.4.3
[04:27:33] [Folia Async Scheduler Thread #1/INFO]: [SkinsRestorer] ----------------------------------------------
[04:27:33] [Folia Async Scheduler Thread #1/INFO]: [SkinsRestorer]     +==================+
[04:27:33] [Folia Async Scheduler Thread #1/INFO]: [SkinsRestorer]     |   SkinsRestorer  |
[04:27:33] [Folia Async Scheduler Thread #1/INFO]: [SkinsRestorer]     |------------------|
[04:27:33] [Folia Async Scheduler Thread #1/INFO]: [SkinsRestorer]     |  Standalone Mode |
[04:27:33] [Folia Async Scheduler Thread #1/INFO]: [SkinsRestorer]     +==================+
[04:27:33] [Folia Async Scheduler Thread #1/INFO]: [SkinsRestorer] ----------------------------------------------
[04:27:33] [Folia Async Scheduler Thread #1/INFO]: [SkinsRestorer]     Version: 15.6.1
[04:27:33] [Folia Async Scheduler Thread #1/INFO]: [SkinsRestorer]     Commit: 8687003
[04:27:33] [Folia Async Scheduler Thread #1/INFO]: [SkinsRestorer]     This is the latest version!
[04:27:33] [Folia Async Scheduler Thread #1/INFO]: [SkinsRestorer] ----------------------------------------------
[04:27:33] [Folia Async Scheduler Thread #1/INFO]: [SkinsRestorer] Do you have issues? Read our troubleshooting guide: https://skinsrestorer.net/docs/troubleshooting
[04:27:33] [Folia Async Scheduler Thread #1/INFO]: [SkinsRestorer] Want to support SkinsRestorer? Consider donating: https://skinsrestorer.net/donate
[04:27:33] [Server thread/WARN]: **** SERVER IS RUNNING IN OFFLINE/INSECURE MODE!
[04:27:33] [Server thread/WARN]: The server will make no attempt to authenticate usernames. Beware.
[04:27:33] [Server thread/WARN]: While this makes the game possible to play without internet access, it also opens up the ability for hackers to connect with any username they choose.
[04:27:33] [Server thread/WARN]: To change this, set "online-mode" to "true" in the server.properties file.
[04:27:33] [Server thread/INFO]: Preparing level "world"
[04:27:33] [DefaultDispatcher-worker-1/INFO]: [VeinminerUpdater] veinminer is up to date
[04:27:34] [Server thread/INFO]: Preparing start region for dimension minecraft:overworld
[04:27:34] [Server thread/INFO]: Preparing spawn area: 0%
[04:27:34] [Paper Common Worker #0/INFO]: [MCTypeRegistry] Initialising converters for DataConverter...
[04:27:35] [Paper Common Worker #0/INFO]: [MCTypeRegistry] Finished initialising converters for DataConverter in 271.9ms
[04:27:35] [Server thread/INFO]: Preparing spawn area: 2%
[04:27:35] [Server thread/INFO]: Preparing spawn area: 4%
[04:27:35] [Server thread/INFO]: Time elapsed: 1262 ms
[04:27:35] [Server thread/INFO]: Preparing start region for dimension minecraft:the_nether
[04:27:35] [Server thread/INFO]: Preparing spawn area: 0%
[04:27:35] [Server thread/INFO]: Time elapsed: 189 ms
[04:27:35] [Server thread/INFO]: Preparing start region for dimension minecraft:the_end
[04:27:35] [Server thread/INFO]: Preparing spawn area: 0%
[04:27:35] [Server thread/INFO]: Time elapsed: 138 ms
[04:27:35] [Server thread/INFO]: [[38;5;11m[0m] Enabling LagFixer v1.4.06 (build 101)
[04:27:36] [Server thread/INFO]: [[38;5;11m[0m] Remember to leave a rating!     





LagFixer - Best Performance Solution!













[04:27:36] [Server thread/INFO]: [[38;5;11m[0m] (ErrorsManager) -> Enabling manager...
[04:27:36] [Server thread/INFO]: [[38;5;11m[0m]   Started listening for console LagFixer errors!
[04:27:36] [Server thread/INFO]: [[38;5;11m[0m] (ErrorsManager) -> Enabled manager in 1ms!
[04:27:36] [Server thread/INFO]: [[38;5;11m[0m] (SupportManager) -> Enabling manager...
[04:27:36] [Server thread/INFO]: [[38;5;11m[0m]   Loaded fork support ~ xyz.lychee.lagfixer.support.Paper
[04:27:36] [Server thread/INFO]: [[38;5;11m[0m]   Loaded nms support ~ xyz.lychee.lagfixer.nms.v1_21_R2.SupportNms
[04:27:36] [Server thread/INFO]: [[38;5;11m[0m]   Loaded creatures 23 to creature container!
[04:27:36] [Server thread/INFO]: [[38;5;11m[0m]   Loaded items 0 to item container!
[04:27:36] [Server thread/INFO]: [[38;5;11m[0m]   Loaded projectiles 0 to projectile container!
[04:27:36] [Server thread/INFO]: [[38;5;11m[0m]   Loaded vehicles 6 to vehicle container!
[04:27:36] [Server thread/INFO]: [[38;5;11m[0m] (SupportManager) -> Enabled manager in 20ms!
[04:27:36] [Server thread/INFO]: [[38;5;11m[0m] (ConfigManager) -> Enabling manager...
[04:27:36] [Server thread/INFO]: [[38;5;11m[0m] (ConfigManager) -> Enabled manager in 63ms!
[04:27:36] [Server thread/INFO]: [[38;5;11m[0m] (HookManager) -> Enabling manager...
[04:27:36] [Server thread/INFO]: [[38;5;11m[0m]   Skipping hook WildStacker, reason: Plugin not found
[04:27:36] [Server thread/INFO]: [[38;5;11m[0m]   Skipping hook UltimateStacker, reason: Plugin not found
[04:27:36] [Server thread/INFO]: [[38;5;11m[0m]   Skipping hook spark, reason: Plugin not found
[04:27:36] [Server thread/INFO]: [[38;5;11m[0m]   Skipping hook RoseStacker, reason: Plugin not found
[04:27:36] [Server thread/INFO]: [[38;5;11m[0m]   Skipping hook PlaceholderAPI, reason: Plugin not found
[04:27:36] [Server thread/INFO]: [[38;5;11m[0m] (HookManager) -> Enabled manager in 0ms!
[04:27:36] [Server thread/INFO]: [[38;5;11m[0m] (MetricsManager) -> Enabling manager...
[04:27:36] [Server thread/INFO]: [[38;5;11m[0m] (MetricsManager) -> Enabled manager in 6ms!
[04:27:36] [Server thread/INFO]: [[38;5;11m[0m] (UpdaterManager) -> Enabling manager...
[04:27:36] [Server thread/INFO]: [[38;5;11m[0m] (UpdaterManager) -> Enabled manager in 1ms!
[04:27:36] [Server thread/INFO]: Environment: Environment[sessionHost=https://sessionserver.mojang.com, servicesHost=https://api.minecraftservices.com, name=PROD]
[04:27:36] [Server thread/INFO]: [[38;5;11m[0m] (ModuleManager) -> Enabling manager...
[04:27:36] [Server thread/INFO]: [[38;5;11m[0m]   Sucessfully loaded module EntityLimiter in 3ms.
[04:27:36] [Server thread/INFO]: [[38;5;11m[0m]   Sucessfully loaded module InstantLeafDecay in 0ms.
[04:27:36] [Server thread/INFO]: [[38;5;11m[0m]   Sucessfully loaded module RedstoneLimiter in 3ms.
[04:27:36] [Server thread/INFO]: [[38;5;11m[0m]   Sucessfully loaded module MobAiReducer in 17ms.
[04:27:36] [Server thread/INFO]: [[38;5;11m[0m]   Sucessfully loaded module LagMonitor in 3ms.
[04:27:36] [Server thread/INFO]: [[38;5;11m[0m]   Sucessfully loaded module WorldCleaner in 6ms.
[04:27:36] [Server thread/INFO]: [[38;5;11m[0m]   Sucessfully loaded module VehicleMotionReducer in 9ms.
[04:27:36] [Server thread/INFO]: [[38;5;11m[0m] (ModuleManager) -> Enabled manager in 100ms!
[04:27:36] [Server thread/INFO]: [[38;5;11m[0m] (CommandManager) -> Enabling manager...
[04:27:36] [Server thread/INFO]: [[38;5;11m[0m] (CommandManager) -> Enabled manager in 139ms!
[04:27:36] [Server thread/INFO]: [[38;5;11m[0m] Remember to leave a rating!     
[04:27:36] [Server thread/INFO]: [Brutal_Nightmare] Enabling Brutal_Nightmare v4.0
[04:27:36] [Server thread/INFO]: [Brutal_Nightmare] DatapackDownloader Plugin Enabled!
[04:27:36] [Server thread/INFO]: [Brutal_Nightmare] Datapack already exists. Skipping download.
[04:27:36] [Server thread/INFO]: [JustTPA] Enabling JustTPA v20250220c
[04:27:36] [Server thread/INFO]: [JustTPA] JustTPA initialized
[04:27:36] [Server thread/INFO]: [JustTPA] bStats enabled
[04:27:36] [Server thread/INFO]: [JustTPA] Checking for updates...
[04:27:36] [Server thread/INFO]: [tps-hud] Enabling tps-hud v1.7.5+1.21.5
[04:27:36] [Server thread/INFO]: [TabLocation] Enabling TabLocation v1.6.0
[04:27:36] [Server thread/INFO]: ===================================
[04:27:36] [Server thread/INFO]: TabLocation has been enabled!
[04:27:36] [Server thread/INFO]: Version 1.6.0
[04:27:36] [Server thread/INFO]: Developed with  by Juliette Cordor
[04:27:36] [Server thread/INFO]: ===================================
[04:27:36] [Server thread/INFO]: [FokusAPI] Enabling FokusAPI v2.3
[04:27:36] [Server thread/INFO]: [FokusAPI] DatapackDownloader Plugin Enabled!
[04:27:36] [Server thread/INFO]: [FokusAPI] Datapack already exists. Skipping download.
[04:27:36] [Server thread/INFO]: [DoubleJump] Enabling DoubleJump v2.5
[04:27:36] [Server thread/INFO]: [DoubleJump] DatapackDownloader Plugin Enabled!
[04:27:36] [Server thread/INFO]: [DoubleJump] Datapack already exists. Skipping download.
[04:27:36] [Server thread/INFO]: [DeathCoords] Enabling DeathCoords vV1.0
[04:27:36] [Server thread/INFO]: [SetSpawn] Enabling SetSpawn v3.1
[04:27:36] [Server thread/INFO]: 
[04:27:36] [Server thread/INFO]: ---------------------------------------
[04:27:36] [Server thread/INFO]:      Thank You For Using SetSpawn!
[04:27:36] [Server thread/INFO]: ---------------------------------------
[04:27:36] [Server thread/INFO]: 
[04:27:36] [Server thread/INFO]: Thank you for supporting me via Modrinth!
[04:27:36] [Server thread/INFO]: 
[04:27:36] [Server thread/INFO]: [DeathChest] Enabling DeathChest v1.3
[04:27:36] [Server thread/INFO]: [DeathChest] I might be working
[04:27:36] [Server thread/INFO]: [DeathChest] Loaded Death Chests
[04:27:36] [Server thread/WARN]: [DeathChest] /coords disabled
[04:27:36] [Server thread/INFO]: [XPHearts] Enabling XPHearts v1.1.1
[04:27:36] [Server thread/INFO]: [BoundlessForging] Enabling BoundlessForging v1.0-SNAPSHOT
[04:27:36] [Server thread/INFO]: [InstantRestock] Enabling InstantRestock v2.5.1
[04:27:36] [Server thread/INFO]: [InfiniteVillagerTrades] Enabled InstantRestock!
[04:27:36] [Server thread/INFO]: [LimitedLives] Enabling LimitedLives v4.0.0
[04:27:36] [Server thread/INFO]: [LimitedLives] -------------------
[04:27:36] [Server thread/INFO]: [LimitedLives] LimitedLives v4.0.0
[04:27:36] [Server thread/INFO]: [LimitedLives] By srnyx
[04:27:36] [Server thread/INFO]: [LimitedLives] -------------------
[04:27:37] [Server thread/INFO]: [LetUrMemoryRest] Enabling LetUrMemoryRest v4.1
[04:27:37] [Server thread/INFO]: [SimpleBucketMobs] Enabling SimpleBucketMobs v1.2.1
[04:27:37] [Server thread/INFO]: [ReanimateMC] Enabling ReanimateMC v1.0*
[04:27:37] [Server thread/INFO]: [ReanimateMC] ReanimateMC activ !
[04:27:37] [Server thread/INFO]: [chairs] Enabling chairs v1.2.2
[04:27:37] [Server thread/INFO]: [AutoTreeChop] Enabling AutoTreeChop v1.6.1
[04:27:37] [Server thread/WARN]: [AutoTreeChop] PlaceholderAPI not found. Placeholder expansion for AutoTreeChop will not work.
[04:27:37] [Server thread/INFO]: [Chunky] Enabling Chunky v1.4.36
[04:27:37] [Server thread/INFO]: [Xhomes] Enabling Xhomes v2.1
[04:27:37] [Server thread/INFO]: [Xhomes] Xhomes has been enabled!
[04:27:37] [Server thread/INFO]: [UltimateTeams] Enabling UltimateTeams v3.2.1
[04:27:37] [Server thread/INFO]: [UltimateTeams] [ACF] Enabled Asynchronous Tab Completion Support!
[04:27:37] [Server thread/INFO]: [UltimateTeams] Initializing plugin config & locale files...
[04:27:38] [Server thread/INFO]: [UltimateTeams] Successfully initialized plugin config & locale files
[04:27:38] [Server thread/INFO]: [UltimateTeams] Initializing SQLite database connection...
[04:27:38] [Server thread/INFO]: [UltimateTeams] Database tables created
[04:27:38] [Server thread/INFO]: [UltimateTeams] Successfully initialized SQLite database connection
[04:27:38] [Server thread/INFO]: [UltimateTeams] Initializing commands...
[04:27:38] [Server thread/INFO]: [UltimateTeams] Successfully initialized commands
[04:27:38] [Server thread/INFO]: [UltimateTeams] Initializing events...
[04:27:38] [Server thread/INFO]: [UltimateTeams] Successfully initialized events
[04:27:38] [Server thread/INFO]: [UltimateTeams] Initializing teams...
[04:27:38] [Server thread/INFO]: [UltimateTeams] Successfully initialized teams
[04:27:38] [Server thread/INFO]: -------------------------------------------
[04:27:38] [Server thread/INFO]: UltimateTeams: PlaceholderAPI not found!
[04:27:38] [Server thread/INFO]: UltimateTeams: External placeholders disabled!
[04:27:38] [Server thread/INFO]: -------------------------------------------
[04:27:38] [Server thread/INFO]: -------------------------------------------
[04:27:38] [Server thread/INFO]: UltimateTeams: FloodgateApi not found/feature disabled!
[04:27:38] [Server thread/INFO]: UltimateTeams: Bedrock support won't work!
[04:27:38] [Server thread/INFO]: -------------------------------------------
[04:27:38] [Server thread/INFO]: [UltimateTeams] Initializing metrics...
[04:27:38] [Server thread/INFO]: [UltimateTeams] Successfully initialized metrics
[04:27:38] [Server thread/INFO]: [Wall_Climbing] Enabling Wall_Climbing v3.1.1
[04:27:38] [Server thread/INFO]: [Wall_Climbing] DatapackDownloader Plugin Enabled!
[04:27:38] [Server thread/INFO]: [Wall_Climbing] Datapack already exists. Skipping download.
[04:27:38] [Server thread/INFO]: [spark] Starting background profiler...
[04:27:38] [Server thread/INFO]: Done preparing level "world" (5.232s)
[04:27:38] [Server thread/INFO]: Running delayed init tasks
[04:27:38] [Craft Scheduler Thread - 0 - LetUrMemoryRest/INFO]: [LetUrMemoryRest] Memory cleanup performed.
[04:27:38] [Craft Scheduler Thread - 6 - UltimateTeams/INFO]: UltimateTeams: Cleared all outstanding team invites!
[04:27:38] [Craft Scheduler Thread - 4 - UltimateTeams/INFO]: Loaded 0 teams!
[04:27:38] [Server thread/INFO]: Done (30.635s)! For help, type "help"
[04:27:39] [Craft Scheduler Thread - 3 - JustTPA/INFO]: [JustTPA] You are using the latest version for your server.
[04:27:54] [User Authenticator #0/INFO]: UUID of player xd600yu is ad24774e-c992-3e4c-9e0c-e2e893f74d49
[04:27:55] [Server thread/INFO]: xd600yu joined the game
[04:27:55] [Server thread/INFO]: xd600yu[/127.45.202.141:53079] logged in with entity id 34 at ([world]45.381026758557354, 70.0, 144.14023091283767)
[04:27:56] [Server thread/INFO]: [org.milkteamc.autotreechop.libs.hikari.HikariDataSource] HikariPool-1 - Starting...
[04:27:56] [Server thread/INFO]: [org.milkteamc.autotreechop.libs.hikari.HikariDataSource] HikariPool-1 - Start completed.
[04:27:57] [Server thread/INFO]: [tps-hud] Sending handshake to xd600yu
[04:28:07] [Server thread/INFO]: xd600yu issued server command: /login chimueloproo
[04:28:08] [Craft Scheduler Thread - 5 - LetUrMemoryRest/INFO]: [LetUrMemoryRest] Memory cleanup performed.
[04:28:38] [Craft Scheduler Thread - 1 - LetUrMemoryRest/INFO]: [LetUrMemoryRest] Memory cleanup performed.
[04:28:41] [Server thread/INFO]: xd600yu issued server command: /spawn
[04:28:44] [Server thread/WARN]: Can't keep up! Is the server overloaded? Running 2984ms or 59 ticks behind
[04:29:07] [Server thread/INFO]: xd600yu issued server command: /setworldspawn
[04:29:07] [Server thread/INFO]: [xd600yu: Set the world spawn point to 88, 88, 186 [0.0]]
[04:29:10] [Server thread/INFO]: xd600yu issued server command: /spawn
[04:29:13] [Server thread/WARN]: Can't keep up! Is the server overloaded? Running 2961ms or 59 ticks behind
[04:29:14] [Craft Scheduler Thread - 1 - LetUrMemoryRest/INFO]: [LetUrMemoryRest] Memory cleanup performed.
[04:29:15] [Server thread/INFO]: xd600yu issued server command: /spawn
[04:29:29] [Server thread/INFO]: xd600yu issued server command: /spawnpoint
[04:29:29] [Server thread/INFO]: [xd600yu: Set spawn point to 86, 86, 188 [0.0] in minecraft:overworld for xd600yu]
[04:29:34] [Server thread/INFO]: xd600yu issued server command: /spawn
[04:29:37] [Server thread/WARN]: Can't keep up! Is the server overloaded? Running 2967ms or 59 ticks behind
[04:29:40] [Server thread/INFO]: xd600yu issued server command: /spawn
[04:29:45] [Server thread/INFO]: xd600yu issued server command: /spawn
[04:29:48] [Craft Scheduler Thread - 11 - LetUrMemoryRest/INFO]: [LetUrMemoryRest] Memory cleanup performed.
[04:29:56] [Server thread/INFO]: xd600yu lost connection: Disconnected
[04:29:56] [Server thread/INFO]: xd600yu left the game
[04:30:09] [User Authenticator #1/INFO]: UUID of player xd600yu is ad24774e-c992-3e4c-9e0c-e2e893f74d49
[04:30:10] [Server thread/INFO]: xd600yu joined the game
[04:30:10] [Server thread/INFO]: xd600yu[/127.45.202.141:52393] logged in with entity id 582 at ([world]77.37499428527443, 68.36814044116925, 196.96899544562433)
[04:30:12] [Server thread/INFO]: [tps-hud] Sending handshake to xd600yu
[04:30:14] [Server thread/INFO]: xd600yu issued server command: /login chimueloproo
[04:30:17] [Craft Scheduler Thread - 10 - LetUrMemoryRest/INFO]: [LetUrMemoryRest] Memory cleanup performed.
[04:30:23] [Server thread/INFO]: xd600yu issued server command: /gm c
[04:30:29] [Server thread/INFO]: xd600yu issued server command: /gamemode
[04:30:37] [Server thread/INFO]: xd600yu issued server command: /gamemode survival
[04:30:37] [Server thread/INFO]: [xd600yu: Set own game mode to Survival Mode]
[04:30:47] [Craft Scheduler Thread - 10 - LetUrMemoryRest/INFO]: [LetUrMemoryRest] Memory cleanup performed.
[04:31:12] [Server thread/INFO]: xd600yu lost connection: Disconnected
[04:31:12] [Server thread/INFO]: xd600yu left the game
[04:31:17] [Craft Scheduler Thread - 14 - LetUrMemoryRest/INFO]: [LetUrMemoryRest] Memory cleanup performed.
[04:31:19] [Server thread/INFO]: Stopping the server
[04:31:19] [Server thread/INFO]: Stopping server
[04:31:19] [Server thread/INFO]: [Wall_Climbing] Disabling Wall_Climbing v3.1.1
[04:31:19] [Server thread/INFO]: [UltimateTeams] Disabling UltimateTeams v3.2.1
[04:31:19] [Server thread/INFO]: -------------------------------------------
[04:31:19] [Server thread/INFO]: UltimateTeams: Plugin by: xF3d3
[04:31:19] [Server thread/INFO]: UltimateTeams: Plugin Version: 3.2.1
[04:31:19] [Server thread/INFO]: UltimateTeams: Has been shutdown successfully
[04:31:19] [Server thread/INFO]: UltimateTeams: Goodbye!
[04:31:19] [Server thread/INFO]: -------------------------------------------
[04:31:19] [Server thread/INFO]: [Xhomes] Disabling Xhomes v2.1
[04:31:19] [Server thread/INFO]: [Chunky] Disabling Chunky v1.4.36
[04:31:19] [Server thread/INFO]: [AutoTreeChop] Disabling AutoTreeChop v1.6.1
[04:31:19] [Server thread/INFO]: [Veinminer] Disabling Veinminer v2.4.3
[04:31:19] [Server thread/INFO]: [chairs] Disabling chairs v1.2.2
[04:31:19] [Server thread/INFO]: [ReanimateMC] Disabling ReanimateMC v1.0
[04:31:19] [Server thread/INFO]: [ReanimateMC] ReanimateMC dsactiv !
[04:31:19] [Server thread/INFO]: [SimpleBucketMobs] Disabling SimpleBucketMobs v1.2.1
[04:31:19] [Server thread/INFO]: [LetUrMemoryRest] Disabling LetUrMemoryRest v4.1
[04:31:19] [Server thread/INFO]: [LimitedLives] Disabling LimitedLives v4.0.0
[04:31:19] [Server thread/INFO]: [InstantRestock] Disabling InstantRestock v2.5.1
[04:31:19] [Server thread/INFO]: [SkinsRestorer] Disabling SkinsRestorer v15.6.1
[04:31:19] [Server thread/INFO]: [WorldEdit] Disabling WorldEdit v7.3.12-beta-01+2a9a7ed
[04:31:19] [Server thread/INFO]: Unregistering com.sk89q.worldedit.bukkit.BukkitServerInterface from WorldEdit
[04:31:19] [Server thread/INFO]: [LoginTo] Disabling LoginTo v1.4-release
[04:31:19] [Server thread/INFO]: [BoundlessForging] Disabling BoundlessForging v1.0-SNAPSHOT
[04:31:19] [Server thread/INFO]: [XPHearts] Disabling XPHearts v1.1.1
[04:31:19] [Server thread/INFO]: [DeathChest] Disabling DeathChest v1.3
[04:31:19] [Server thread/INFO]: [DeathChest] Saving Death Chests
[04:31:19] [Server thread/WARN]: [DeathChest] I'm def NOT working rn
[04:31:19] [Server thread/INFO]: [SetSpawn] Disabling SetSpawn v3.1
[04:31:19] [Server thread/INFO]: 
[04:31:19] [Server thread/INFO]: ---------------------------------------
[04:31:19] [Server thread/INFO]:                 Goodbye!
[04:31:19] [Server thread/INFO]: ---------------------------------------
[04:31:19] [Server thread/INFO]: 
[04:31:19] [Server thread/INFO]: [DeathCoords] Disabling DeathCoords vV1.0
[04:31:19] [Server thread/INFO]: [DoubleJump] Disabling DoubleJump v2.5
[04:31:19] [Server thread/INFO]: [FokusAPI] Disabling FokusAPI v2.3
[04:31:19] [Server thread/INFO]: [TabLocation] Disabling TabLocation v1.6.0
[04:31:19] [Server thread/INFO]: ===================================
[04:31:19] [Server thread/INFO]: Plugin has been disabled!
[04:31:19] [Server thread/INFO]: Thank you for using TabLocation!
[04:31:19] [Server thread/INFO]: ===================================
[04:31:19] [Server thread/INFO]: [Clumps] Disabling Clumps v4.0
[04:31:19] [Server thread/INFO]: [tps-hud] Disabling tps-hud v1.7.5+1.21.5
[04:31:19] [Server thread/INFO]: [nightcore] Disabling nightcore v2.7.4
[04:31:19] [Server thread/INFO]: [JustTPA] Disabling JustTPA v20250220c
[04:31:19] [Server thread/INFO]: [JustTPA] JustTPA disabled
[04:31:19] [Server thread/INFO]: [Brutal_Nightmare] Disabling Brutal_Nightmare v4.0
[04:31:19] [Server thread/INFO]: [[38;5;11m[0m] Disabling LagFixer v1.4.06 (build 101)
[04:31:19] [Server thread/INFO]: [[38;5;11m[0m] (ErrorsManager) -> Disabling manager...
[04:31:19] [Server thread/INFO]: [[38;5;11m[0m] (ErrorsManager) -> Disabled manager in 0ms!
[04:31:19] [Server thread/INFO]: [[38;5;11m[0m] (SupportManager) -> Disabling manager...
[04:31:19] [Server thread/INFO]: [[38;5;11m[0m] (SupportManager) -> Disabled manager in 0ms!
[04:31:19] [Server thread/INFO]: [[38;5;11m[0m] (ConfigManager) -> Disabling manager...
[04:31:19] [Server thread/INFO]: [[38;5;11m[0m] (ConfigManager) -> Disabled manager in 0ms!
[04:31:19] [Server thread/INFO]: [[38;5;11m[0m] (HookManager) -> Disabling manager...
[04:31:19] [Server thread/INFO]: [[38;5;11m[0m] (HookManager) -> Disabled manager in 0ms!
[04:31:19] [Server thread/INFO]: [[38;5;11m[0m] (MetricsManager) -> Disabling manager...
[04:31:19] [Server thread/INFO]: [[38;5;11m[0m] (MetricsManager) -> Disabled manager in 0ms!
[04:31:19] [Server thread/INFO]: [[38;5;11m[0m] (UpdaterManager) -> Disabling manager...
[04:31:19] [Server thread/INFO]: [[38;5;11m[0m] (UpdaterManager) -> Disabled manager in 1ms!
[04:31:19] [Server thread/INFO]: [[38;5;11m[0m] (ModuleManager) -> Disabling manager...
[04:31:19] [Server thread/INFO]: [[38;5;11m[0m]   Sucessfully disabled module EntityLimiter in 1ms.
[04:31:19] [Server thread/INFO]: [[38;5;11m[0m]   Sucessfully disabled module InstantLeafDecay in 0ms.
[04:31:19] [Server thread/INFO]: [[38;5;11m[0m]   Sucessfully disabled module RedstoneLimiter in 0ms.
[04:31:19] [Server thread/INFO]: [[38;5;11m[0m]   Sucessfully disabled module MobAiReducer in 1ms.
[04:31:19] [Server thread/INFO]: [[38;5;11m[0m]   Sucessfully disabled module LagMonitor in 0ms.
[04:31:19] [Server thread/INFO]: [[38;5;11m[0m]   Sucessfully disabled module WorldCleaner in 0ms.
[04:31:19] [Server thread/INFO]: [[38;5;11m[0m]   Sucessfully disabled module VehicleMotionReducer in 0ms.
[04:31:19] [Server thread/INFO]: [[38;5;11m[0m] (ModuleManager) -> Disabled manager in 3ms!
[04:31:19] [Server thread/INFO]: [[38;5;11m[0m] (CommandManager) -> Disabling manager...
[04:31:19] [Server thread/INFO]: [[38;5;11m[0m] (CommandManager) -> Disabled manager in 0ms!
[04:31:19] [Server thread/INFO]: Saving players
[04:31:19] [Server thread/INFO]: Saving worlds
[04:31:19] [Server thread/INFO]: Saving chunks for level 'ServerLevel[world]'/minecraft:overworld
[04:31:19] [Server thread/INFO]: [ChunkHolderManager] Waiting 60s for chunk system to halt for world 'world'
[04:31:19] [Server thread/INFO]: [ChunkHolderManager] Halted chunk system for world 'world'
[04:31:19] [Server thread/INFO]: [ChunkHolderManager] Saving all chunkholders for world 'world'
[04:31:20] [Server thread/INFO]: [ChunkHolderManager] Saved 841 block chunks, 808 entity chunks, 4 poi chunks in world 'world' in 1.61s
[04:31:20] [Server thread/INFO]: [ChunkHolderManager] Waiting 60s for chunk I/O to halt for world 'world'
[04:31:20] [Server thread/INFO]: [ChunkHolderManager] Halted I/O scheduler for world 'world'
[04:31:21] [Server thread/INFO]: Saving chunks for level 'ServerLevel[world_nether]'/minecraft:the_nether
[04:31:21] [Server thread/INFO]: [ChunkHolderManager] Waiting 60s for chunk system to halt for world 'world_nether'
[04:31:21] [Server thread/INFO]: [ChunkHolderManager] Halted chunk system for world 'world_nether'
[04:31:21] [Server thread/INFO]: [ChunkHolderManager] Saving all chunkholders for world 'world_nether'
[04:31:21] [Server thread/INFO]: [ChunkHolderManager] Saved 49 block chunks, 49 entity chunks, 0 poi chunks in world 'world_nether' in 0.07s
[04:31:21] [Server thread/INFO]: [ChunkHolderManager] Waiting 60s for chunk I/O to halt for world 'world_nether'
[04:31:21] [Server thread/INFO]: [ChunkHolderManager] Halted I/O scheduler for world 'world_nether'
[04:31:21] [Server thread/INFO]: Saving chunks for level 'ServerLevel[world_the_end]'/minecraft:the_end
[04:31:21] [Server thread/INFO]: [ChunkHolderManager] Waiting 60s for chunk system to halt for world 'world_the_end'
[04:31:21] [Server thread/INFO]: [ChunkHolderManager] Halted chunk system for world 'world_the_end'
[04:31:21] [Server thread/INFO]: [ChunkHolderManager] Saving all chunkholders for world 'world_the_end'
[04:31:21] [Server thread/INFO]: [ChunkHolderManager] Saved 49 block chunks, 49 entity chunks, 0 poi chunks in world 'world_the_end' in 0.04s
[04:31:21] [Server thread/INFO]: [ChunkHolderManager] Waiting 60s for chunk I/O to halt for world 'world_the_end'
[04:31:21] [Server thread/INFO]: [ChunkHolderManager] Halted I/O scheduler for world 'world_the_end'
[04:31:21] [Server thread/INFO]: ThreadedAnvilChunkStorage (world): All chunks are saved
[04:31:21] [Server thread/INFO]: ThreadedAnvilChunkStorage (DIM-1): All chunks are saved
[04:31:21] [Server thread/INFO]: ThreadedAnvilChunkStorage (DIM1): All chunks are saved
[04:31:21] [Server thread/INFO]: ThreadedAnvilChunkStorage: All dimensions are saved
[04:31:21] [Server thread/INFO]: Waiting for I/O tasks to complete...
[04:31:21] [Server thread/INFO]: All I/O tasks to complete
[04:31:21] [Server thread/INFO]: [MoonriseCommon] Awaiting termination of worker pool for up to 60s...
[04:31:21] [Server thread/INFO]: [MoonriseCommon] Awaiting termination of I/O pool for up to 60s...
